立花美5,http://v1x6.benbi123.com/20190523/miLkA5O9/index.m3u8
立花美6,http://v1x6.benbi123.com/20190523/AfagdEPe/index.m3u8
仁科百1,http://newv1.benbi123.com/qoUmEf7aFh.m3u8
仁科百2,http://newv1.benbi123.com/yU9cWSkFJc.m3u8
佐佐木1,http://v1x6.benbi123.com/20190603/wegPWE73/index.m3u8
佐佐木2,http://v1x6.benbi123.com/20190924/FjKSp8ll/index.m3u8
佐佐木3,http://newv1.benbi123.com/pFbTqDawFK.m3u8
佐佐木4,http://v1x6.benbi123.com/20190407/vtlJL7DP/index.m3u8
佐佐木5,http://newv1.benbi123.com/620eWyXsoD.m3u8
佐佐木6,http://v1x6.benbi123.com/20190528/gBUJPGay/index.m3u8
佐佐木7,http://v1x6.benbi123.com/20190407/2XuPHgt3/index.m3u8
佐佐木8,http://v1x6.benbi123.com/20190407/66dTzpy0/index.m3u8
佐佐木9,http://v1x6.benbi123.com/20190528/VsolOamf/index.m3u8
佐佐木10,http://v1x6.benbi123.com/20190407/uXUlXs9O/index.m3u8
佐佐木11,http://v1x6.benbi123.com/20190528/Yuk3DASH/index.m3u8
佐佐木12,http://v1x6.benbi123.com/20190407/KaT4GkiU/index.m3u8
佐佐木13,http://newv1.benbi123.com/dSXvT0ygk0.m3u8
佐佐木14,http://v1x6.benbi123.com/20190412/Xg21RyUg/index.m3u8
佐佐木15,http://v1x6.benbi123.com/20190809/dciYRHJJ/index.m3u8
佐佐木16,http://v1x6.benbi123.com/20190528/B9Axu9qA/index.m3u8
天使萌1,http://v1x6.benbi123.com/20190216/2TsyCl32/index.m3u8
天使萌2,http://newv1.benbi123.com/12-avid5ea2876ea8d4a.m3u8
天使萌3,http://v1x6.benbi123.com/20200308/8lLN2STW/index.m3u8
天使萌4,http://v1x6.benbi123.com/20190504/uNIiRTdH/index.m3u8
天使萌5,http://v1x6.benbi123.com/20190412/xQyTOgJR/index.m3u8
天使萌6,http://v1x6.benbi123.com/20190504/x50rS2dZ/index.m3u8
天使萌7,http://newv1.benbi123.com/9Nh3Gb77NE.m3u8
天使萌8,http://v1x6.benbi123.com/20200308/RjZvwVsc/index.m3u8
天使萌9,http://v1x6.benbi123.com/20190504/iEWBzz3w/index.m3u8
天使萌10,http://v1x6.benbi123.com/20180430/y4TmaLFS/index.m3u8
天使萌11,http://v1x6.benbi123.com/20180430/Qtm9RHr1/index.m3u8
天使萌12,http://v1x6.benbi123.com/20180430/VUiCTUyp/index.m3u8
天使萌13,http://v1x6.benbi123.com/20190412/XKOwOK79/index.m3u8
天使萌14,http://newv1.benbi123.com/CVzbGsyUss.m3u8
天使萌15,http://newv1.benbi123.com/3sKFY08mDX.m3u8
天使萌16,http://newv1.benbi123.com/asU5Ip7ZjM.m3u8
七泽米1,http://newv1.benbi123.com/12-avid5e6ad40e92031.m3u8
星奈爱1,http://newv1.benbi123.com/3EK1MFMBm8.m3u8
星奈爱2,http://newv1.benbi123.com/ynjqZUmqon.m3u8
星奈爱3,http://newv1.benbi123.com/QpOLlIsaAl.m3u8
星奈爱4,http://newv1.benbi123.com/7mIxaQvYv3.m3u8
星奈爱5,http://newv1.benbi123.com/yoAVrwtzxs.m3u8
星奈爱6,http://newv1.benbi123.com/x6fARh1Wmv.m3u8
星奈爱7,http://newv1.benbi123.com/x779ehT2in.m3u8
星奈爱8,http://newv1.benbi123.com/1ZqcyP53v8.m3u8
星奈爱9,http://newv1.benbi123.com/1DGCk2YUKz.m3u8
星奈爱10,http://newv1.benbi123.com/VKpy4s1Qa1.m3u8
星奈爱11,http://newv1.benbi123.com/19thJsNRLA.m3u8
星奈爱12,http://newv1.benbi123.com/Snk9M1sfMc.m3u8
星奈爱13,http://newv1.benbi123.com/Rk3ub2U9w8.m3u8
星奈爱14,http://newv1.benbi123.com/cNoi0vOAQC.m3u8
星奈爱15,http://newv1.benbi123.com/FzzVuo3nHK.m3u8
星奈爱16,http://newv1.benbi123.com/txReEgHryc.m3u8
户田真1,http://newv1.benbi123.com/f2eNWpwKeB.m3u8
户田真2,http://newv1.benbi123.com/bLAFQpSqlt.m3u8
户田真3,http://newv1.benbi123.com/2VSzQoGmdG.m3u8
户田真4,http://newv1.benbi123.com/DCYFOaMnJf.m3u8
户田真5,http://newv1.benbi123.com/PUO5haBhrH.m3u8
户田真6,http://newv1.benbi123.com/MC5ko7brN0.m3u8
户田真7,http://newv1.benbi123.com/FrK6WRzSdA.m3u8
户田真8,http://newv1.benbi123.com/2XnimAkLgr.m3u8
户田真9,http://newv1.benbi123.com/4rrr0eRuaZ.m3u8
户田真10,http://newv1.benbi123.com/RXbOwn7V5z.m3u8
户田真11,http://newv1.benbi123.com/12-avid5ee34b1e0a5c5.m3u8
松岛枫1,http://v1x6.benbi123.com/20190506/vRXeL6T0/index.m3u8
大桥未1,http://v1x6.benbi123.com/20190408/z1gZdpoM/index.m3u8
大桥未2,http://v1x6.benbi123.com/20190717/9CKIaLHI/index.m3u8
大桥未4,http://v1x6.benbi123.com/20190412/rxjmUk5y/index.m3u8
大桥未5,http://v1x6.benbi123.com/20200322/Q4cz886W/index.m3u8
大桥未7,http://v1x6.benbi123.com/20191204/AxGcJDQL/index.m3u8
大桥未9,http://v1x6.benbi123.com/20190720/ggXX9oYP/index.m3u8
大桥未10,http://newv1.benbi123.com/jOZ3QW3hE4.m3u8
秋野千5,http://newv1.benbi123.com/sY9qO8BohM.m3u8
秋野千6,http://newv1.benbi123.com/3zptxSTStv.m3u8
日向优1,http://newv1.benbi123.com/Dwv6RHun1H.m3u8
上原保奈1,http://newv1.benbi123.com/jEqLWR8gGs.m3u8
上原保奈2,http://newv1.benbi123.com/0R37V01xJ0.m3u8
上原保奈3,http://newv1.benbi123.com/UcWCbzEFq2.m3u8
立川理1,http://newv1.benbi123.com/mh9Bnpvcvi.m3u8
上原志1,http://newv1.benbi123.com/qIT9wkcE7n.m3u8
上原志2,http://newv1.benbi123.com/reabbFRBH6.m3u8
名空1,http://v1x6.benbi123.com/20190224/mGfB0ESZ/index.m3u8
名空2,http://v1x6.benbi123.com/20190528/nUFiY5Gz/index.m3u8
名空3,http://newv1.benbi123.com/9fhGs1HjIi.m3u8
名空4,http://v1x6.benbi123.com/20190528/honDNTPa/index.m3u8
名空5,http://v1x6.benbi123.com/20190528/8IzIT5VR/index.m3u8
名空6,http://v1x6.benbi123.com/20190528/yFzYOOlX/index.m3u8
名空7,http://v1x6.benbi123.com/20190528/66dq4yel/index.m3u8
名空8,http://v1x6.benbi123.com/20190528/ri2DeQWx/index.m3u8
名空9,http://newv1.benbi123.com/UHxmg6TgY2.m3u8
名空10,http://newv1.benbi123.com/4wfP4s3LXV.m3u8
名空11,http://newv1.benbi123.com/RekLn5n9fB.m3u8
名空12,http://newv1.benbi123.com/12-avid5eab203febe90.m3u8
名空13,http://newv1.benbi123.com/WaJMtlCkBU.m3u8
名空14,http://newv1.benbi123.com/pPyEGETUNo.m3u8
名空15,http://newv1.benbi123.com/YOSTLdK0IE.m3u8
名空16,http://newv1.benbi123.com/0dWtJXqAAN.m3u8
百多惠1,http://v1x6.benbi123.com/20190510/n86hdfgP/index.m3u8
百多惠2,http://v1x6.benbi123.com/20190328/6JbUTjw8/index.m3u8
百多惠3,http://v1x6.benbi123.com/20190510/mFUqY4NS/index.m3u8
百多惠4,http://v1x6.benbi123.com/20190326/1mPdcCwN/index.m3u8
百多惠5,http://v1x6.benbi123.com/20190510/3CYcyYN5/index.m3u8
百多惠6,http://v1x6.benbi123.com/20190818/sBXFVv1O/index.m3u8
百多惠7,http://v1x6.benbi123.com/20190531/H0nohS8n/index.m3u8
百多惠8,http://newv1.benbi123.com/rb4IO3YKTr.m3u8
百多惠9,http://v1x6.benbi123.com/20190510/9w5N4DTB/index.m3u8
百多惠10,http://v1x6.benbi123.com/20190510/ggO0vghW/index.m3u8
百多惠11,http://v1x6.benbi123.com/20190507/CY5c70rU/index.m3u8
百多惠12,http://v1x6.benbi123.com/20190510/ppnE3UqQ/index.m3u8
百多惠13,http://v1x6.benbi123.com/20190510/NJj2bEMQ/index.m3u8
百多惠14,http://v1x6.benbi123.com/20190510/Jq7ibmsF/index.m3u8
百多惠15,http://v1x6.benbi123.com/20190510/EyijvslV/index.m3u8
百多惠16,http://newv1.benbi123.com/12-avid5eaf934d9659a.m3u8
河合乃1,http://v1x6.benbi123.com/20190517/C6nGHgGT/index.m3u8
河合乃2,http://v1x6.benbi123.com/20190517/1vO8xjIq/index.m3u8
河合乃3,http://v1x6.benbi123.com/20190517/NcY6DZf7/index.m3u8
河合乃4,http://v1x6.benbi123.com/20190517/70LWCZVF/index.m3u8
桥本有1,http://v1x6.benbi123.com/20190518/hsvkamZE/index.m3u8
桥本有2,http://v1x6.benbi123.com/20190503/Fi3w8pQG/index.m3u8
桥本有3,http://v1x6.benbi123.com/20190216/2TsyCl32/index.m3u8
桥本有4,http://v1x6.benbi123.com/20190224/jR6GEriq/index.m3u8
桥本有5,http://newv1.benbi123.com/KPCNcFA4ZB.m3u8
桥本有6,http://v1x6.benbi123.com/20190404/VhP5UQqN/index.m3u8
桥本有7,http://v1x6.benbi123.com/20190404/YBPUfBiZ/index.m3u8
桥本有8,http://v1x6.benbi123.com/20190517/ugSbVswX/index.m3u8
桥本有9,http://v1x6.benbi123.com/20190825/rcQZ1Lzh/index.m3u8
桥本有10,http://v1x6.benbi123.com/20190407/ggT2Jvux/index.m3u8
桥本有11,http://v1x6.benbi123.com/20191116/Y5tnLQwp/index.m3u8
桥本有12,http://v1x6.benbi123.com/20190404/SovhfVvr/index.m3u8
桥本有13,http://v1x6.benbi123.com/20190404/vMpJ3FUe/index.m3u8
桥本有14,http://v1x6.benbi123.com/20190416/Y3lrQDVy/index.m3u8
桥本有15,http://v1x6.benbi123.com/20190720/vX3wHKjh/index.m3u8
桥本有16,http://v1x6.benbi123.com/20190404/XxKmHts3/index.m3u8
三上悠1,http://v1x6.benbi123.com/20190718/GCBOAwW7/index.m3u8
三上悠2,http://v1x6.benbi123.com/20190216/2TsyCl32/index.m3u8
三上悠3,http://v1x6.benbi123.com/20190216/hXuMdoqL/index.m3u8
三上悠4,http://v1x6.benbi123.com/20191008/nnk9Jivi/index.m3u8
三上悠5,http://v1x6.benbi123.com/20190416/HV6sjxeg/index.m3u8
三上悠6,http://newv1.benbi123.com/mxNsPCITUl.m3u8
三上悠7,http://v1x6.benbi123.com/20191008/Oc3oLoxs/index.m3u8
三上悠8,http://v1x6.benbi123.com/20190517/YUCu23N9/index.m3u8
三上悠9,http://v1x6.benbi123.com/20190401/dCqIO8Sm/index.m3u8
三上悠10,http://v1x6.benbi123.com/20190215/PBTxQpDY/index.m3u8
三上悠11,http://v1x6.benbi123.com/20190414/l39BfDED/index.m3u8
三上悠12,http://v1x6.benbi123.com/20190414/f51hAoWd/index.m3u8
三上悠13,http://v1x6.benbi123.com/20200226/xB84lYr1/index.m3u8
三上悠14,http://v1x6.benbi123.com/20190414/XI8An6Iq/index.m3u8
三上悠15,http://v1x6.benbi123.com/20190414/qFrCtYWd/index.m3u8
三上悠16,http://v1x6.benbi123.com/20190414/mM3O6zLI/index.m3u8
吉高宁宁1,http://v1x6.benbi123.com/20190216/2TsyCl32/index.m3u8
吉高宁宁2,http://v1x6.benbi123.com/20191115/twEAIFuY/index.m3u8
吉高宁宁4,http://v1x6.benbi123.com/20190517/l5RlzPa4/index.m3u8
吉高宁宁6,http://v1x6.benbi123.com/20190414/MIZ9cXcO/index.m3u8
吉高宁宁7,http://newv1.benbi123.com/nijv6fdZ97.m3u8
吉高宁宁8,http://v1x6.benbi123.com/20190414/WDoC9f32/index.m3u8
吉高宁宁9,http://v1x6.benbi123.com/20190414/f5KOzxr8/index.m3u8
吉高宁宁10,http://v1x6.benbi123.com/20180720/Vz7dxfFR/index.m3u8
吉高宁宁11,http://v1x6.benbi123.com/20190414/YnxtZXQT/index.m3u8
吉高宁宁12,http://v1x6.benbi123.com/20190414/3NfvM8SG/index.m3u8
吉高宁宁13,http://newv1.benbi123.com/uxSxfqiZb3.m3u8
吉高宁宁14,http://v1x6.benbi123.com/20190414/WOKe2Tqj/index.m3u8
吉高宁宁15,http://v1x6.benbi123.com/20190414/UEQwx2d6/index.m3u8
吉高宁宁16,http://v1x6.benbi123.com/20190414/EBynQbB8/index.m3u8
坂道美琉1,http://v1x6.benbi123.com/20190516/N1Q0m506/index.m3u8
坂道美琉2,http://v1x6.benbi123.com/20190516/mEocUX8x/index.m3u8
坂道美琉3,http://v1x6.benbi123.com/20190516/AC5Te8TY/index.m3u8
坂道美琉4,http://v1x6.benbi123.com/20200325/kfhJWIaa/index.m3u8
坂道美琉6,http://v1x6.benbi123.com/20190516/tEn3FOuV/index.m3u8
坂道美琉7,http://newv1.benbi123.com/12-avid5eb41b6ddf8ed.m3u8
坂道美琉8,http://newv1.benbi123.com/12-avid5ee149db1284a.m3u8
明日花1,http://v1x6.benbi123.com/20190406/yS43Bhxb/index.m3u8
明日花2,http://v1x6.benbi123.com/20190406/Pnhgb2Ez/index.m3u8
明日花3,http://v1x6.benbi123.com/20190515/v9siTcYd/index.m3u8
明日花4,http://v1x6.benbi123.com/20191010/U6XYwnwg/index.m3u8
明日花5,http://v1x6.benbi123.com/20191010/Hea8t0g2/index.m3u8
明日花6,http://v1x6.benbi123.com/20180430/KFcxGXV9/index.m3u8
明日花7,http://v1x6.benbi123.com/20190406/Y3T5KM7e/index.m3u8
明日花8,http://v1x6.benbi123.com/20190406/fI21rrmm/index.m3u8
明日花9,http://v1x6.benbi123.com/20190406/mb3w3ePn/index.m3u8
明日花10,http://v1x6.benbi123.com/20180430/be6SXB5j/index.m3u8
明日花11,http://v1x6.benbi123.com/20190406/n4ITrTGf/index.m3u8
明日花12,http://v1x6.benbi123.com/20190406/CCTjdVjb/index.m3u8
明日花13,http://v1x6.benbi123.com/20190406/yACQhk9l/index.m3u8
明日花14,http://v1x6.benbi123.com/20190406/sopp5dZx/index.m3u8
明日花16,http://v1x6.benbi123.com/20180430/aFQ8gxru/index.m3u8
香坂紗梨1,http://v1x6.benbi123.com/20190504/oibG6QHp/index.m3u8
香坂紗梨2,http://v1x6.benbi123.com/20190201/6sflPkeZ/index.m3u8
香坂紗梨3,http://v1x6.benbi123.com/20190504/rojAtzEa/index.m3u8
香坂紗梨4,http://v1x6.benbi123.com/20190504/inyBC357/index.m3u8
香坂紗梨5,http://v1x6.benbi123.com/20190504/RMDMxPAO/index.m3u8
香坂紗梨6,http://v1x6.benbi123.com/20190504/ak6wfASh/index.m3u8
香坂紗梨7,http://v1x6.benbi123.com/20190504/pClShyB4/index.m3u8
香坂紗梨8,http://v1x6.benbi123.com/20190504/gI5ydS8f/index.m3u8
香坂紗梨9,http://v1x6.benbi123.com/20190504/xtPTWBEe/index.m3u8
香坂紗梨10,http://v1x6.benbi123.com/20190504/xZLEViXL/index.m3u8
香坂紗梨11,http://v1x6.benbi123.com/20190504/Ez1zVZXU/index.m3u8
香坂紗梨12,http://v1x6.benbi123.com/20190504/NyVD5Gfl/index.m3u8
香坂紗梨13,http://v1x6.benbi123.com/20190504/MfvYeeC6/index.m3u8
北川礼子1,http://v1x6.benbi123.com/20190502/WSrBnQTV/index.m3u8
北川礼子2,http://v1x6.benbi123.com/20190501/EkkSfOK4/index.m3u8
北川礼子3,http://v1x6.benbi123.com/20190501/7ysL8dMi/index.m3u8
北川礼子4,http://v1x6.benbi123.com/20190501/RuHZDDo8/index.m3u8
北川礼子5,http://v1x6.benbi123.com/20190501/XrWYQnEg/index.m3u8
北川礼子7,http://v1x6.benbi123.com/20190501/TAulAVLY/index.m3u8
北川礼子8,http://newv1.benbi123.com/TKZ3sWXfEH.m3u8
彩乃奈1,http://v1x6.benbi123.com/20190428/vWfmhVVi/index.m3u8
彩乃奈2,http://v1x6.benbi123.com/20190428/jKIT5DbI/index.m3u8
彩乃奈3,http://v1x6.benbi123.com/20190428/BrVOEjt6/index.m3u8
彩乃奈4,http://v1x6.benbi123.com/20190428/lgp9VNyG/index.m3u8
彩乃奈5,http://v1x6.benbi123.com/20190428/LTsZh2sR/index.m3u8
彩乃奈6,http://v1x6.benbi123.com/20190428/3V1OtqB5/index.m3u8
彩乃奈7,http://v1x6.benbi123.com/20190428/RCSe8clC/index.m3u8
彩乃奈8,http://v1x6.benbi123.com/20190428/B54j9FsK/index.m3u8
香椎梨1,http://v1x6.benbi123.com/20190430/z4Yy3y2A/index.m3u8
香椎梨2,http://v1x6.benbi123.com/20190429/YJdsqdMM/index.m3u8
香椎梨3,http://v1x6.benbi123.com/20190430/GEMSTMd6/index.m3u8
香椎梨4,http://v1x6.benbi123.com/20190430/D6rm90Be/index.m3u8
香椎梨5,http://v1x6.benbi123.com/20190429/qZP6BWwE/index.m3u8
香椎梨6,http://v1x6.benbi123.com/20190430/opwPxjDX/index.m3u8
香椎梨7,http://v1x6.benbi123.com/20180811/32xfvbnB/index.m3u8
香椎梨8,http://v1x6.benbi123.com/20190430/XSADFPlH/index.m3u8
香椎梨9,http://v1x6.benbi123.com/20190430/lpJ0SnAE/index.m3u8
香椎梨10,http://v1x6.benbi123.com/20190429/9iEEXId0/index.m3u8
香椎梨11,http://v1x6.benbi123.com/20190430/aCobIoMK/index.m3u8
香椎梨12,http://v1x6.benbi123.com/20190430/lBsOwSRj/index.m3u8
香椎梨13,http://v1x6.benbi123.com/20190429/6CP0vHE0/index.m3u8
香椎梨14,http://v1x6.benbi123.com/20190430/OU66ioyQ/index.m3u8
香椎梨15,http://v1x6.benbi123.com/20190430/GelcipWt/index.m3u8
香椎梨16,http://v1x6.benbi123.com/20190430/LHihWC4G/index.m3u8
佐佐木明1,http://v1x6.benbi123.com/20190407/vtlJL7DP/index.m3u8
佐佐木明2,http://v1x6.benbi123.com/20190528/gBUJPGay/index.m3u8
佐佐木明3,http://v1x6.benbi123.com/20190407/2XuPHgt3/index.m3u8
佐佐木明4,http://v1x6.benbi123.com/20190407/66dTzpy0/index.m3u8
佐佐木明5,http://v1x6.benbi123.com/20190528/VsolOamf/index.m3u8
佐佐木明6,http://v1x6.benbi123.com/20190407/uXUlXs9O/index.m3u8
佐佐木明7,http://v1x6.benbi123.com/20190528/Yuk3DASH/index.m3u8
佐佐木明8,http://v1x6.benbi123.com/20190407/KaT4GkiU/index.m3u8
佐佐木明9,http://v1x6.benbi123.com/20190528/B9Axu9qA/index.m3u8
佐佐木明10,http://v1x6.benbi123.com/20180403/Z9TK5wlh/index.m3u8
佐佐木明11,http://v1x6.benbi123.com/20180403/GWczh15q/index.m3u8
佐佐木明12,http://v1x6.benbi123.com/20190407/7IiICx26/index.m3u8
佐佐木明13,http://v1x6.benbi123.com/20180403/GnyuNxho/index.m3u8
相泽南1,http://v1x6.benbi123.com/20191011/CeVgi6rM/index.m3u8
相泽南2,http://v1x6.benbi123.com/20191011/QFWqFNNV/index.m3u8
相泽南3,http://v1x6.benbi123.com/20190415/nXHBIaup/index.m3u8
相泽南4,http://v1x6.benbi123.com/20191011/Roag2MpY/index.m3u8
相泽南5,http://v1x6.benbi123.com/20190416/q4np5NUG/index.m3u8
相泽南6,http://v1x6.benbi123.com/20190416/20kHfruf/index.m3u8
相泽南7,http://v1x6.benbi123.com/20190417/TEZEeS0E/index.m3u8
相泽南8,http://v1x6.benbi123.com/20190415/b7QU2y7m/index.m3u8
相泽南9,http://v1x6.benbi123.com/20191114/eWAsOkuf/index.m3u8
相泽南10,http://v1x6.benbi123.com/20190417/4A2vzlMp/index.m3u8
相泽南11,http://v1x6.benbi123.com/20190424/Grqx8P1u/index.m3u8
相泽南12,http://v1x6.benbi123.com/20190420/ksj2KoMU/index.m3u8
相泽南14,http://newv1.benbi123.com/12-avid5d403142e8414.m3u8
相泽南15,http://newv1.benbi123.com/12-avid5dd18aa6d66a4.m3u8
相泽南16,http://newv1.benbi123.com/12-avid5dcf34fd7f74d.m3u8
樱木凛1,http://newv1.benbi123.com/RSOg25PWZZ.m3u8
樱木凛2,http://104.233.234.88/20190411/rF1YI7z9/index.m3u8
樱木凛3,http://v1x6.benbi123.com/20190412/URVhkJLV/index.m3u8
樱木凛4,http://v1x6.benbi123.com/20190412/xvCXkGbw/index.m3u8
樱木凛5,http://v1x6.benbi123.com/20190412/cMC46sbJ/index.m3u8
樱木凛6,http://v1x6.benbi123.com/20190412/YivKMhdD/index.m3u8
樱木凛7,http://v1x6.benbi123.com/20190412/PPjzkCxu/index.m3u8
樱木凛8,http://newv1.benbi123.com/KUcmFJOfAb.m3u8
宇都宮1,http://v1x6.benbi123.com/20190415/W2gYt463/index.m3u8
宇都宮2,http://v1x6.benbi123.com/20190415/RqF3tZxv/index.m3u8
宇都宮3,http://v1x6.benbi123.com/20190415/SfH87zT1/index.m3u8
宇都宮4,http://v1x6.benbi123.com/20190415/XKlQsR8y/index.m3u8
宇都宮5,http://v1x6.benbi123.com/20190415/XfcbNMXd/index.m3u8
宇都宮6,http://v1x6.benbi123.com/20190415/PjuWmqUE/index.m3u8
宇都宮7,http://v1x6.benbi123.com/20190415/vgmW0zbd/index.m3u8
宇都宮8,http://v1x6.benbi123.com/20190415/wQ1i91Sd/index.m3u8
宇都宮9,http://v1x6.benbi123.com/20190415/0tYwBgwH/index.m3u8
宇都宮10,http://v1x6.benbi123.com/20190415/ZgQjSlhF/index.m3u8
宇都宮11,http://v1x6.benbi123.com/20190415/33RuAbJI/index.m3u8
宇都宮12,http://v1x6.benbi123.com/20190521/Q6xQ573E/index.m3u8
宇都宮13,http://v1x6.benbi123.com/20190414/V9Yi7DCU/index.m3u8
苍井空1,http://v1x6.benbi123.com/20190203/3kOPCW4c/index.m3u8
苍井空2,http://v1x6.benbi123.com/20200305/5tKe6vMc/index.m3u8
苍井空3,http://v1x6.benbi123.com/20190203/au1eheGv/index.m3u8
苍井空4,http://v1x6.benbi123.com/20190208/dteGv1WS/index.m3u8
苍井空5,http://v1x6.benbi123.com/20190203/Gc8Qy6Qx/index.m3u8
苍井空6,http://newv1.benbi123.com/PpbDLmcXvL.m3u8
苍井空7,http://v1x6.benbi123.com/20190131/fPOs4S7E/index.m3u8
苍井空8,http://v1x6.benbi123.com/20190131/sGmP7cQt/index.m3u8
苍井空9,http://v1x6.benbi123.com/20190128/Buk3rYfH/index.m3u8
苍井空10,http://v1x6.benbi123.com/20190128/j21uuZbr/index.m3u8
苍井空11,http://v1x6.benbi123.com/20190128/xYto2Kkd/index.m3u8
苍井空12,http://v1x6.benbi123.com/20190201/cGMvRMyp/index.m3u8
苍井空13,http://v1x6.benbi123.com/20190128/Tl8lMLwT/index.m3u8
苍井空14,http://v1x6.benbi123.com/20190203/ZSXIuKT6/index.m3u8
苍井空15,http://v1x6.benbi123.com/20190201/RKkkK4ND/index.m3u8
苍井空16,http://v1x6.benbi123.com/20190201/V5wwxyvZ/index.m3u8
水卜樱1,http://v1x6.benbi123.com/20190411/SfKI1yOT/index.m3u8
水卜樱2,http://v1x6.benbi123.com/20190411/zM7vtUNy/index.m3u8
水卜樱3,http://v1x6.benbi123.com/20190411/yxsBGNZH/index.m3u8
水卜樱4,http://v1x6.benbi123.com/20190411/EnAanVZd/index.m3u8
水卜樱5,http://v1x6.benbi123.com/20190411/9lsMQmuz/index.m3u8
水卜樱6,http://v1x6.benbi123.com/20190412/bf0kIP7w/index.m3u8
水卜樱7,http://v1x6.benbi123.com/20190411/LMbYr8YW/index.m3u8
水卜樱9,http://newv1.benbi123.com/W4MfAnquN6.m3u8
水卜樱10,http://newv1.benbi123.com/2GLlb1DlEO.m3u8
水卜樱11,http://newv1.benbi123.com/hxKO2UMrHW.m3u8
市來美1,http://v1x6.benbi123.com/20190418/3D7c86b0/index.m3u8
市來美2,http://v1x6.benbi123.com/20190418/B2CdFKyd/index.m3u8
市來美3,http://v1x6.benbi123.com/20190418/9fUgzZXL/index.m3u8
市來美4,http://v1x6.benbi123.com/20190418/KQAEs9Ky/index.m3u8
天海翼1,http://v1x6.benbi123.com/20190414/Fz4w3rZg/index.m3u8
天海翼2,http://v1x6.benbi123.com/20190413/nLD6eEWb/index.m3u8
天海翼3,http://v1x6.benbi123.com/20190414/HraIn8TU/index.m3u8
天海翼4,http://v1x6.benbi123.com/20190414/kHYXX4Ka/index.m3u8
天海翼5,http://v1x6.benbi123.com/20190414/GeMLfDn6/index.m3u8
天海翼6,http://v1x6.benbi123.com/20190413/Q609GVSf/index.m3u8
天海翼7,http://v1x6.benbi123.com/20190414/1zhwgbJr/index.m3u8
天海翼8,http://v1x6.benbi123.com/20190414/lo1LWVY9/index.m3u8
天海翼9,http://v1x6.benbi123.com/20190414/SAlEcC5e/index.m3u8
天海翼10,http://v1x6.benbi123.com/20190414/D6xlLe3M/index.m3u8
天海翼11,http://newv1.benbi123.com/12-avid5eb8958aef480.m3u8
天海翼12,http://newv1.benbi123.com/hwIiGIUXQT.m3u8
天海翼13,http://newv1.benbi123.com/TclbOq54aD.m3u8
天海翼14,http://newv1.benbi123.com/gUplmg3uRn.m3u8
波多野结1,http://v1x6.benbi123.com/20190408/o3JszIYk/index.m3u8
波多野结2,http://v1x6.benbi123.com/20190405/KuwDABzt/index.m3u8
波多野结3,http://v1x6.benbi123.com/20190406/H7MTzmvc/index.m3u8
波多野结4,http://v1x6.benbi123.com/20190408/P0tEhNH7/index.m3u8
波多野结5,http://v1x6.benbi123.com/20190409/m39MsRDj/index.m3u8
波多野结6,http://v1x6.benbi123.com/20190811/0v3UHrUS/index.m3u8
波多野结7,http://v1x6.benbi123.com/20190409/U8eKqLAQ/index.m3u8
波多野结8,http://v1x6.benbi123.com/20190406/54K5ikkq/index.m3u8
波多野结9,http://v1x6.benbi123.com/20190405/lyyljFPC/index.m3u8
波多野结10,http://newv1.benbi123.com/37IzoG9yZE.m3u8
波多野结11,http://v1x6.benbi123.com/20190408/nKDyiGyF/index.m3u8
波多野结12,http://v1x6.benbi123.com/20190406/qO8r8Mnq/index.m3u8
波多野结13,http://v1x6.benbi123.com/20190624/qjFVqyLt/index.m3u8
波多野结14,http://v1x6.benbi123.com/20190406/vPQyLl4n/index.m3u8
波多野结15,http://v1x6.benbi123.com/20191008/TlNAFgiS/index.m3u8
波多野结16,http://v1x6.benbi123.com/20191017/8UYPVNXd/index.m3u8
江波凉1,http://v1x6.benbi123.com/20190612/RX2iL5Ti/index.m3u8
江波凉2,http://v1x6.benbi123.com/20190410/1MtxTXUI/index.m3u8
江波凉3,http://v1x6.benbi123.com/20190629/gfxFDmiF/index.m3u8
江波凉4,http://v1x6.benbi123.com/20200308/RcIrN6YR/index.m3u8
江波凉5,http://v1x6.benbi123.com/20190410/xoh3PLD7/index.m3u8
江波凉6,http://v1x6.benbi123.com/20190410/nSAhHLAy/index.m3u8
江波凉7,http://v1x6.benbi123.com/20190410/EOJPBESe/index.m3u8
江波凉8,http://v1x6.benbi123.com/20190410/jr3o8PML/index.m3u8
江波凉9,http://v8.91huiduo.com/20200427/JhHdLIAI/index.m3u8
江波凉10,http://newv1.benbi123.com/12-avid5ea64b00ea727.m3u8
高桥圣1,http://v1x6.benbi123.com/20190720/JBr5Af8M/index.m3u8
高桥圣2,http://v1x6.benbi123.com/20191111/OqE6tavo/index.m3u8
高桥圣3,http://v1x6.benbi123.com/20190410/NNikVHBn/index.m3u8
高桥圣4,http://v1x6.benbi123.com/20191111/r822ZXY1/index.m3u8
高桥圣5,http://v1x6.benbi123.com/20190410/Grb2HdUb/index.m3u8
高桥圣6,http://v1x6.benbi123.com/20190410/dDN4ugE8/index.m3u8
高桥圣8,http://v1x6.benbi123.com/20191111/okeqZ8y5/index.m3u8
高桥圣9,http://v1x6.benbi123.com/20191111/08uz1B6j/index.m3u8
高桥圣10,http://v1x6.benbi123.com/20190410/AH2nrpVf/index.m3u8
高桥圣12,http://v1x6.benbi123.com/20190410/95pPJ4sx/index.m3u8
高桥圣13,http://v1x6.benbi123.com/20190410/cgCJB6L7/index.m3u8
高桥圣15,http://newv1.benbi123.com/12-avid5ea5863ee4401.m3u8
高桥圣16,http://newv1.benbi123.com/12-20717.m3u8
立花瑠1,http://v1x6.benbi123.com/20181212/PngEnzTn/index.m3u8
立花瑠2,http://v1x6.benbi123.com/20181225/etkE60NL/index.m3u8
立花瑠3,http://v1x6.benbi123.com/20190411/uIJ8QGZe/index.m3u8
立花瑠4,http://v1x6.benbi123.com/20190411/gnwkQ83p/index.m3u8
立花瑠5,http://v1x6.benbi123.com/20190411/CdaV4TR1/index.m3u8
立花瑠6,http://v1x6.benbi123.com/20180903/HZPuGSMT/index.m3u8
立花瑠7,http://v1x6.benbi123.com/20190411/QzTlbWRN/index.m3u8
立花瑠8,http://v1x6.benbi123.com/20190604/EMUnWtx0/index.m3u8
立花瑠9,http://v1x6.benbi123.com/20190411/tRxOeM4Q/index.m3u8
立花瑠10,http://v1x6.benbi123.com/20190411/Te4pSkUG/index.m3u8
立花瑠11,http://v1x6.benbi123.com/20190323/eAfIpnxD/index.m3u8
立花瑠12,http://v1x6.benbi123.com/20190411/0DpEJNj0/index.m3u8
立花瑠13,http://v1x6.benbi123.com/20190411/k63SRkLv/index.m3u8
立花瑠14,http://v1x6.benbi123.com/20180212/AOjuUKBR/index.m3u8
立花瑠15,http://v1x6.benbi123.com/20190411/kGixrxe7/index.m3u8
立花瑠16,http://v1x6.benbi123.com/20180901/QkhOpmpH/index.m3u8
上原亚1,http://v1x6.benbi123.com/20190705/QUy3mcwT/index.m3u8
上原亚2,http://v1x6.benbi123.com/20190212/X3WpS3Rd/index.m3u8
上原亚3,http://newv1.benbi123.com/7R4Q76RI5G.m3u8
上原亚4,http://v1x6.benbi123.com/20171228/nB1SfNUc/index.m3u8
上原亚5,http://newv1.benbi123.com/izQNZBVWOn.m3u8
上原亚6,http://newv1.benbi123.com/DYgJSPsiMq.m3u8
上原亚7,http://v1x6.benbi123.com/20190210/XvEEshkV/index.m3u8
上原亚8,http://v1x6.benbi123.com/20190210/OK1LdsOX/index.m3u8
上原亚9,http://newv1.benbi123.com/5rXnvivypS.m3u8
上原亚10,http://v1x6.benbi123.com/20190124/gCizDeaK/index.m3u8
上原亚11,http://newv1.benbi123.com/VKS5wVlrVw.m3u8
上原亚12,http://newv1.benbi123.com/vunQLYBLHK.m3u8
上原亚13,http://newv1.benbi123.com/RanCYxPKyD.m3u8
上原亚14,http://newv1.benbi123.com/mNjPNlJjZz.m3u8
园田美1,http://v1x6.benbi123.com/20190424/fAAtABtW/index.m3u8
园田美2,http://v1x6.benbi123.com/20190412/qvPOo16r/index.m3u8
园田美3,http://v1x6.benbi123.com/20190424/KKRA2QEk/index.m3u8
园田美4,http://v1x6.benbi123.com/20190412/MWE36hct/index.m3u8
园田美5,http://v1x6.benbi123.com/20190424/M0bImOr6/index.m3u8
园田美6,http://v1x6.benbi123.com/20190412/sDRheBFN/index.m3u8
园田美7,http://v1x6.benbi123.com/20190424/OBKT02n4/index.m3u8
园田美8,http://v1x6.benbi123.com/20190424/38tc7qQ1/index.m3u8
园田美9,http://v1x6.benbi123.com/20190424/1ZlpYWmw/index.m3u8
园田美10,http://v1x6.benbi123.com/20190424/oTocy8k2/index.m3u8
园田美11,http://newv1.benbi123.com/s4nokoJdyy.m3u8
园田美12,http://v1x6.benbi123.com/20190424/ukRtaBk4/index.m3u8
园田美13,http://newv1.benbi123.com/mAwxblarsr.m3u8
园田美14,http://v1x6.benbi123.com/20190424/HY5X1Dvo/index.m3u8
园田美15,http://v1x6.benbi123.com/20190424/4KVbkYCW/index.m3u8
园田美16,http://newv1.benbi123.com/BTE0TTL55F.m3u8
前田香1,http://v1x6.benbi123.com/20190513/SzoSWNjr/index.m3u8
前田香2,http://v1x6.benbi123.com/20190512/I9RS5B9s/index.m3u8
前田香3,http://v1x6.benbi123.com/20190512/IwRYzF8U/index.m3u8
前田香4,http://v1x6.benbi123.com/20190411/AUBh2mYE/index.m3u8
前田香5,http://v1x6.benbi123.com/20190513/0Aj9Qdrv/index.m3u8
前田香6,http://v1x6.benbi123.com/20190411/1jBOYZql/index.m3u8
前田香8,http://v1x6.benbi123.com/20190513/MUUneAII/index.m3u8
前田香9,http://v1x6.benbi123.com/20190513/zO92DTnB/index.m3u8
前田香10,http://v1x6.benbi123.com/20190513/KKS95mrX/index.m3u8
前田香11,http://v1x6.benbi123.com/20180102/Z8XavS1C/index.m3u8
前田香12,http://newv1.benbi123.com/x3Yv7ldpqE.m3u8
前田香13,http://v1x6.benbi123.com/20171228/d43E1awd/index.m3u8
前田香14,http://newv1.benbi123.com/sY9qO8BohM.m3u8
葵千恵1,http://v1x6.benbi123.com/20180112/QjOJhWgp/index.m3u8
葵千恵2,http://newv1.benbi123.com/uuavxBo5lW.m3u8
葵千恵3,http://v1x6.benbi123.com/20180210/OIabTRMK/index.m3u8
葵千恵4,http://newv1.benbi123.com/ZCxJjwd64R.m3u8
葵千恵5,http://v1x6.benbi123.com/20180211/3VKdRT57/index.m3u8
葵千恵6,http://v1x6.benbi123.com/20180210/rVv0sB4R/index.m3u8
葵千恵7,http://newv1.benbi123.com/8y1HZb8KMG.m3u8
葵千恵8,http://newv1.benbi123.com/w4gPgjOtwP.m3u8
葵千恵9,http://newv1.benbi123.com/vWLNJOvSXt.m3u8
葵千恵10,http://newv1.benbi123.com/1zRILj7j75.m3u8
葵千恵11,http://newv1.benbi123.com/UyTXTE9fY8.m3u8
葵千恵12,http://newv1.benbi123.com/26wAWpYPCB.m3u8
葵千恵13,http://v1x6.benbi123.com/20180210/3fog7IkQ/index.m3u8
葵千恵14,http://newv1.benbi123.com/sa2wgTUq78.m3u8
葵千恵15,http://newv1.benbi123.com/zLrraa8tPx.m3u8
葵千恵16,http://newv1.benbi123.com/7MH9ESpzJV.m3u8
葵司1,http://v1x6.benbi123.com/20190216/2TsyCl32/index.m3u8
葵司2,http://v1x6.benbi123.com/20190725/WxIWtP73/index.m3u8
葵司3,http://newv1.benbi123.com/wfGLoHOWVO.m3u8
葵司4,http://v1x6.benbi123.com/20190408/ZuM0eRa2/index.m3u8
葵司5,http://v1x6.benbi123.com/20190409/11bEGFBh/index.m3u8
葵司6,http://newv1.benbi123.com/GTXjk74Tz7.m3u8
葵司7,http://v1x6.benbi123.com/20190408/icozTuHJ/index.m3u8
葵司8,http://v1x6.benbi123.com/20190408/2BQ3ky6Z/index.m3u8
葵司9,http://v1x6.benbi123.com/20190409/E2aK8EBn/index.m3u8
葵司10,http://v1x6.benbi123.com/20200228/wSSwmROG/index.m3u8
葵司13,http://newv1.benbi123.com/nZKgofnJM1.m3u8
葵司14,http://v1x6.benbi123.com/20190408/1sEZWTU5/index.m3u8
葵司15,http://v1x6.benbi123.com/20190408/uFlOlR1j/index.m3u8
葵司16,http://newv1.benbi123.com/g1CJo2SQus.m3u8
九重环奈1,http://v1x6.benbi123.com/20190415/sjp0q7od/index.m3u8
九重环奈2,http://v1x6.benbi123.com/20190415/r56N5evN/index.m3u8
九重环奈3,http://v1x6.benbi123.com/20190415/8koRO93a/index.m3u8
九重环奈4,http://v1x6.benbi123.com/20190415/urH6H7Vr/index.m3u8
九重环奈5,http://v1x6.benbi123.com/20180417/BftoFGIq/index.m3u8
九重环奈6,http://v1x6.benbi123.com/20190415/35IEyWOi/index.m3u8
九重环奈7,http://v1x6.benbi123.com/20190414/UzF5QFid/index.m3u8
九重环奈8,http://v1x6.benbi123.com/20180417/cNrsFUZ2/index.m3u8
九重环奈9,http://v1x6.benbi123.com/20180417/3xqVXyBT/index.m3u8
美谷朱1,http://v1x6.benbi123.com/20190128/o20dkbP5/index.m3u8
美谷朱2,http://v8.91huiduo.com/20200413/Kev4Nzen/index.m3u8
美谷朱3,http://newv1.benbi123.com/HgCxMpUxK4.m3u8
美谷朱4,http://newv1.benbi123.com/hDHWG5iU7Z.m3u8
美谷朱5,http://v1x6.benbi123.com/20191115/fGDdTlNZ/index.m3u8
美谷朱6,http://newv1.benbi123.com/hPGtRXZoJ3.m3u8
美谷朱7,http://newv1.benbi123.com/7HGkaMOlEB.m3u8
美谷朱8,http://newv1.benbi123.com/1yrPEuOj3e.m3u8
美谷朱9,http://v1x6.benbi123.com/20190303/59GnqSW2/index.m3u8
美谷朱10,http://newv1.benbi123.com/9KoyZU9uMe.m3u8
美谷朱11,http://newv1.benbi123.com/HIePjcaZfi.m3u8
美谷朱12,http://newv1.benbi123.com/cMvV8lNgBB.m3u8
美谷朱13,http://newv1.benbi123.com/LgrmCoPpV6.m3u8
美谷朱14,http://newv1.benbi123.com/IYdPFiRFhq.m3u8
美谷朱15,http://newv1.benbi123.com/5WgwWtDgOl.m3u8
美谷朱16,http://newv1.benbi123.com/SxMUuuJ8a7.m3u8
村上里1,http://newv1.benbi123.com/Qk233bc0tk.m3u8
村上里2,http://newv1.benbi123.com/yucBaL7a9V.m3u8
AIKA1,http://newv1.benbi123.com/8Sece0xfFj.m3u8
AIKA2,http://newv1.benbi123.com/kqJy2YrQ0o.m3u8
AIKA3,http://newv1.benbi123.com/6c4gE4OQ8q.m3u8
AIKA4,http://newv1.benbi123.com/QApkED7AHD.m3u8
AIKA5,http://newv1.benbi123.com/12-avid5eb8bfbacaaa4.m3u8
AIKA6,http://newv1.benbi123.com/W9saNhPCLT.m3u8
AIKA7,http://newv1.benbi123.com/x0U2WNNcW1.m3u8
AIKA8,http://newv1.benbi123.com/9FxCB2Ci6W.m3u8
AIKA9,http://newv1.benbi123.com/zRGEdj6k9h.m3u8
AIKA10,http://newv1.benbi123.com/YSZVTNVEoG.m3u8
AIKA11,http://newv1.benbi123.com/NptZF8YcQi.m3u8
AIKA12,http://newv1.benbi123.com/k6H15IWtkW.m3u8
AIKA13,http://newv1.benbi123.com/Mf3FoyYj9Z.m3u8
AIKA14,http://newv1.benbi123.com/vyUYmhHn4P.m3u8
AIKA15,http://newv1.benbi123.com/Q6St0D5F30.m3u8
AIKA16,http://newv1.benbi123.com/DBlKK20eDr.m3u8
水野1,http://v1x6.benbi123.com/20190408/POPKFgni/index.m3u8
水野2,http://newv1.benbi123.com/RGC2ZXcUfL.m3u8
水野3,http://v1x6.benbi123.com/20190408/vJk0EZuQ/index.m3u8
水野4,http://v1x6.benbi123.com/20190122/SKGEuUTb/index.m3u8
水野5,http://newv1.benbi123.com/okASgo4hjW.m3u8
水野6,http://newv1.benbi123.com/cvQbrR1lu0.m3u8
水野7,http://newv1.benbi123.com/9wkLCkQvyb.m3u8
水野8,http://v1x6.benbi123.com/20190408/5ub379ju/index.m3u8
水野10,http://v1x6.benbi123.com/20190409/ToWLgFrc/index.m3u8
水野11,http://newv1.benbi123.com/6vgzqaPgRp.m3u8
水野12,http://newv1.benbi123.com/A4CxexADns.m3u8
水野13,http://v1x6.benbi123.com/20190408/yH92pTyp/index.m3u8
水野14,http://v1x6.benbi123.com/20190408/EVs57MnS/index.m3u8
水野15,http://v1x6.benbi123.com/20190407/2uJDkwAy/index.m3u8
水野16,http://newv1.benbi123.com/VvSNcdZR96.m3u8
深田1,http://v1x6.benbi123.com/20191031/G3QwwpSP/index.m3u8
深田2,http://v1x6.benbi123.com/20190521/IUTM9qDQ/index.m3u8
深田3,http://v1x6.benbi123.com/20191031/CIwb3HaN/index.m3u8
深田4,http://v1x6.benbi123.com/20191031/dTnLxYun/index.m3u8
深田5,http://v1x6.benbi123.com/20190831/6r0b5Rs3/index.m3u8
深田6,http://v1x6.benbi123.com/20190721/AE3UU8SK/index.m3u8
深田7,http://v1x6.benbi123.com/20200223/GsSeOkig/index.m3u8
深田9,http://v1x6.benbi123.com/20200223/yguocRJa/index.m3u8
深田10,http://v1x6.benbi123.com/20200325/AW2Y4uYZ/index.m3u8
深田11,http://v1x6.benbi123.com/20200223/IIVXEUNd/index.m3u8
深田13,http://newv1.benbi123.com/6Uog3PhMnJ.m3u8
深田14,http://v1x6.benbi123.com/20200223/44W9QrY4/index.m3u8
深田16,http://newv1.benbi123.com/11-avid5ebd39cda52fb.m3u8
友田1,http://v1x6.benbi123.com/20191023/LRPxNca5/index.m3u8
友田2,http://v1x6.benbi123.com/20191023/sHCCp7nD/index.m3u8
友田3,http://newv1.benbi123.com/3ZP807vDdu.m3u8
友田4,http://v1x6.benbi123.com/20191023/HNTTTDpC/index.m3u8
友田5,http://newv1.benbi123.com/gevg4ysfAh.m3u8
友田6,http://v1x6.benbi123.com/20190427/A59uEiLm/index.m3u8
友田7,http://newv1.benbi123.com/BVChVH7Fod.m3u8
友田8,http://v1x6.benbi123.com/20190427/pfSr8WUa/index.m3u8
友田9,http://newv1.benbi123.com/WS8Oo8k906.m3u8
友田10,http://v1x6.benbi123.com/20190427/IVc9gvji/index.m3u8
友田11,http://newv1.benbi123.com/M2b03jggjQ.m3u8
友田12,http://v8.91huiduo.com/20200412/NeGMVCHn/index.m3u8
友田13,http://v8.91huiduo.com/20200412/h7YChPW6/index.m3u8
友田14,http://v8.91huiduo.com/20200412/15IAjg6T/index.m3u8
友田15,http://newv1.benbi123.com/qXWqZT1ZYe.m3u8
友田16,http://newv1.benbi123.com/qV3fwhwpmD.m3u8
大槻1,http://v1x6.benbi123.com/20181225/Ta2Za3L6/index.m3u8
大槻2,http://v1x6.benbi123.com/20190416/CAHdegPn/index.m3u8
大槻3,http://v1x6.benbi123.com/20190416/WWm4KchZ/index.m3u8
大槻4,http://newv1.benbi123.com/hZSSlioQP8.m3u8
大槻5,http://newv1.benbi123.com/xcFKZlTLgm.m3u8
大槻6,http://newv1.benbi123.com/hDHWG5iU7Z.m3u8
大槻7,http://newv1.benbi123.com/5bdIdAdYP7.m3u8
大槻8,http://v1x6.benbi123.com/20190416/ftHIkc6N/index.m3u8
大槻9,http://v1x6.benbi123.com/20190416/uDXGEcfL/index.m3u8
大槻10,http://v1x6.benbi123.com/20190416/swJARbuz/index.m3u8
大槻11,http://v1x6.benbi123.com/20200306/fibhS2B1/index.m3u8
大槻12,http://newv1.benbi123.com/Dw2keV5I0a.m3u8
大槻13,http://v1x6.benbi123.com/20190416/HVsqbVSw/index.m3u8
大槻14,http://v1x6.benbi123.com/20190416/QzWewUUq/index.m3u8
大槻15,http://v1x6.benbi123.com/20190416/uceuelIx/index.m3u8
大槻16,http://newv1.benbi123.com/QHWFE96PZN.m3u8
柚木1,http://v1x6.benbi123.com/20200401/WnpuiiO5/index.m3u8
柚木2,http://v1x6.benbi123.com/20190527/KKUWrvAR/index.m3u8
柚木3,http://v1x6.benbi123.com/20190318/0l16Oq05/index.m3u8
柚木4,http://newv1.benbi123.com/ZazN43z3Rt.m3u8
柚木5,http://v1x6.benbi123.com/20190203/GeZttulP/index.m3u8
柚木6,http://v1x6.benbi123.com/20190203/XsPmRDNq/index.m3u8
柚木7,http://v1x6.benbi123.com/20190317/fxQW6YHy/index.m3u8
柚木8,http://newv1.benbi123.com/rziaPGpOMi.m3u8
柚木9,http://newv1.benbi123.com/dpxQixYnYj.m3u8
柚木10,http://v1x6.benbi123.com/20190317/1gXl0Rlg/index.m3u8
柚木12,http://v1x6.benbi123.com/20180605/VZUGWlwL/index.m3u8
柚木13,http://v1x6.benbi123.com/20180605/xEeEKTXL/index.m3u8
柚木14,http://newv1.benbi123.com/qygB64zprf.m3u8
柚木15,http://newv1.benbi123.com/aji61tHp36.m3u8
柚木16,http://newv1.benbi123.com/LgPYsklyDq.m3u8
julia1,http://v1x6.benbi123.com/20190527/pWdxgWHU/index.m3u8
julia2,http://v1x6.benbi123.com/20190527/C9uWVpws/index.m3u8
julia3,http://v1x6.benbi123.com/20190527/ffk1zJtT/index.m3u8
julia5,http://v1x6.benbi123.com/20190901/XtccvCjD/index.m3u8
julia6,http://v1x6.benbi123.com/20190527/f73E51n8/index.m3u8
julia7,http://v1x6.benbi123.com/20190527/jj0apxoi/index.m3u8
julia8,http://v1x6.benbi123.com/20190527/mqaCRRdy/index.m3u8
julia9,http://v1x6.benbi123.com/20190527/h6FfUhyX/index.m3u8
julia10,http://v1x6.benbi123.com/20190902/iGIkfmku/index.m3u8
julia11,http://v1x6.benbi123.com/20190527/pWzF8Bmh/index.m3u8
julia12,http://v1x6.benbi123.com/20190527/OKHNxAaM/index.m3u8
julia13,http://v1x6.benbi123.com/20180110/lb5xysoK/index.m3u8
julia14,http://v1x6.benbi123.com/20190527/LUc5hSgB/index.m3u8
julia15,http://newv1.benbi123.com/CIy1p0U5AW.m3u8
julia16,http://newv1.benbi123.com/SUBUo5Lqlt.m3u8
椎名1,http://v1x6.benbi123.com/20190329/J2Og7RPH/index.m3u8
椎名2,http://v1x6.benbi123.com/20181225/ewllcFrK/index.m3u8
椎名3,http://newv1.benbi123.com/hZSSlioQP8.m3u8
椎名4,http://v1x6.benbi123.com/20190224/mGfB0ESZ/index.m3u8
椎名5,http://newv1.benbi123.com/otGXBbQdE5.m3u8
椎名8,http://newv1.benbi123.com/IeAMikblVQ.m3u8
椎名9,http://v1x6.benbi123.com/20190528/nUFiY5Gz/index.m3u8
椎名10,http://newv1.benbi123.com/9fhGs1HjIi.m3u8
椎名11,http://v1x6.benbi123.com/20190528/honDNTPa/index.m3u8
椎名13,http://v1x6.benbi123.com/20190128/FWfblaPz/index.m3u8
椎名14,http://v1x6.benbi123.com/20190528/8IzIT5VR/index.m3u8
椎名15,http://v1x6.benbi123.com/20190528/yFzYOOlX/index.m3u8
椎名16,http://newv1.benbi123.com/jR9zpoTtms.m3u8
桐嶋1,http://v1x6.benbi123.com/20190102/wAHmPojX/index.m3u8
桐嶋2,http://newv1.benbi123.com/DtxCGT8S1Q.m3u8
桐嶋3,http://newv1.benbi123.com/i3wpkGILXR.m3u8
桐嶋4,http://newv1.benbi123.com/xUpgH6mr8g.m3u8
桐嶋5,http://newv1.benbi123.com/c8uTBboJgd.m3u8
桐嶋6,http://v1x6.benbi123.com/20180414/BMb5IAdU/index.m3u8
桐嶋7,http://v1x6.benbi123.com/20180811/TAcyQWTh/index.m3u8
桐嶋8,http://newv1.benbi123.com/12-avid5d1a2e034124c.m3u8
桐嶋9,http://newv1.benbi123.com/12-avid5d15e52349729.m3u8
桐嶋10,http://newv1.benbi123.com/12-avid5dacb5bdd7bc7.m3u8
桐嶋11,http://newv1.benbi123.com/FwhLzyEcYY.m3u8
桐嶋12,http://newv1.benbi123.com/Pimn3csH7t.m3u8
桐嶋13,http://newv1.benbi123.com/hvqA8eC0wb.m3u8
桐嶋14,http://newv1.benbi123.com/12-avid5db683e66db8f.m3u8
桐嶋15,http://newv1.benbi123.com/12-avid5d262eaad7dae.m3u8
桐嶋16,http://newv1.benbi123.com/12-avid5ad81f1613827.m3u8
神波多一1,http://newv1.benbi123.com/rsk0z08Sev.m3u8
神波多一2,http://newv1.benbi123.com/BQlpCTzZp0.m3u8
神波多一3,http://newv1.benbi123.com/uXsdtquV2L.m3u8
神波多一4,http://newv1.benbi123.com/0QSQrMYHrq.m3u8
神波多一5,http://newv1.benbi123.com/qXWqZT1ZYe.m3u8
神波多一6,http://newv1.benbi123.com/OfgAGoRthJ.m3u8
神波多一7,http://newv1.benbi123.com/ZhiVMseEnM.m3u8
神波多一8,http://newv1.benbi123.com/XsAPmOUJSl.m3u8
神波多一9,http://newv1.benbi123.com/p9FvrHLRr9.m3u8
神波多一10,http://newv1.benbi123.com/6MIT59ccVu.m3u8
神波多一11,http://newv1.benbi123.com/nBNDRd9xnH.m3u8
神波多一12,http://newv1.benbi123.com/FDgwQ2MMRb.m3u8
神波多一13,http://newv1.benbi123.com/YqyT10uFoH.m3u8
神波多一14,http://newv1.benbi123.com/4j71Qcrbio.m3u8
神波多一15,http://newv1.benbi123.com/ztCZxTjSK0.m3u8
神波多一16,http://newv1.benbi123.com/SplHJY9tno.m3u8
葵玲奈1,http://v1x6.benbi123.com/20191104/OuQ7rsGh/index.m3u8
葵玲奈2,http://v1x6.benbi123.com/20191104/6juPksbd/index.m3u8
葵玲奈3,http://v1x6.benbi123.com/20191104/Nn0kqO61/index.m3u8
葵玲奈4,http://v1x6.benbi123.com/20191104/DDNbfIWY/index.m3u8
葵玲奈5,http://v1x6.benbi123.com/20200322/HQPwhSPf/index.m3u8
池田1,http://newv1.benbi123.com/kgKRo2pLbg.m3u8
松岛1,http://v1x6.benbi123.com/20190506/vRXeL6T0/index.m3u8
松岛2,http://newv1.benbi123.com/VroKVOeXVH.m3u8
松岛3,http://newv1.benbi123.com/12-avid5ec1d70d12619.m3u8
松岛4,http://newv1.benbi123.com/EUhABrg96y.m3u8
松岛5,http://newv1.benbi123.com/KdwBFb93UW.m3u8
松岛6,http://newv1.benbi123.com/lcJHx6mfQn.m3u8
松岛7,http://newv1.benbi123.com/12-avid5ef06509ed985.m3u8
羽月希1,http://v1x6.benbi123.com/20181217/sTQ8RjUZ/index.m3u8
羽月希2,http://newv1.benbi123.com/82skNs6wSk.m3u8
羽月希3,http://newv1.benbi123.com/7AkaSIdBof.m3u8
羽月希5,http://newv1.benbi123.com/5Q4Pj5GwHC.m3u8
羽月希7,http://newv1.benbi123.com/eAIXqjURZG.m3u8
羽月希8,http://newv1.benbi123.com/q9Oqxycx3q.m3u8
羽月希9,http://newv1.benbi123.com/urUfRcLIZj.m3u8
羽月希10,http://newv1.benbi123.com/x0U2WNNcW1.m3u8
羽月希11,http://newv1.benbi123.com/Pbvlx8271C.m3u8
羽月希12,http://newv1.benbi123.com/svLRFYyUsc.m3u8
羽月希13,http://newv1.benbi123.com/y8bu5AvLuZ.m3u8
羽月希14,http://newv1.benbi123.com/LkcHZCh6TU.m3u8
羽月希15,http://newv1.benbi123.com/ZpTnHDXVXV.m3u8
羽月希16,http://newv1.benbi123.com/OoSOX70Ki4.m3u8
成海1,http://newv1.benbi123.com/KR4tuqwLv3.m3u8
成海2,http://newv1.benbi123.com/BQlpCTzZp0.m3u8
成海3,http://newv1.benbi123.com/SiXMBG4p95.m3u8
成海4,http://newv1.benbi123.com/SxMUuuJ8a7.m3u8
成海5,http://newv1.benbi123.com/7sXggNkJYu.m3u8
成海6,http://newv1.benbi123.com/iGQQN3CDuJ.m3u8
成海7,http://newv1.benbi123.com/k1RBt2nCaJ.m3u8
成海8,http://newv1.benbi123.com/6glJzrj4Y8.m3u8
成海9,http://newv1.benbi123.com/7IdTAopq3c.m3u8
成海10,http://newv1.benbi123.com/RekLn5n9fB.m3u8
成海11,http://newv1.benbi123.com/SKR9Cx6ihq.m3u8
成海12,http://newv1.benbi123.com/Qd0ySbnM9t.m3u8
成海13,http://newv1.benbi123.com/HUDhzMDdQh.m3u8
成海14,http://newv1.benbi123.com/MrHsHlWAya.m3u8
成海15,http://newv1.benbi123.com/XMYmPgvJRz.m3u8
成海16,http://newv1.benbi123.com/WQJVXrzVxg.m3u8
横山1,http://newv1.benbi123.com/LcxkOUjtkk.m3u8
横山2,http://newv1.benbi123.com/7LA2VMOHys.m3u8
横山3,http://newv1.benbi123.com/xlg1wJdEPT.m3u8
横山4,http://v1x6.benbi123.com/20180903/K99fxyAZ/index.m3u8
横山5,http://newv1.benbi123.com/tQJtnqiduY.m3u8
横山6,http://newv1.benbi123.com/lGlptbrL6X.m3u8
横山7,http://newv1.benbi123.com/fLKiPHLwfi.m3u8
横山8,http://newv1.benbi123.com/cbYyU5VYql.m3u8
横山9,http://newv1.benbi123.com/3pnn0ZCmkz.m3u8
横山10,http://newv1.benbi123.com/pLEkx9MeBJ.m3u8
横山11,http://newv1.benbi123.com/Pimn3csH7t.m3u8
横山12,http://newv1.benbi123.com/kotCxIq998.m3u8
横山13,http://newv1.benbi123.com/VowOEdh030.m3u8
横山14,http://newv1.benbi123.com/VeWPMFGRql.m3u8
横山15,http://newv1.benbi123.com/DJSfpt21X6.m3u8
横山16,http://newv1.benbi123.com/MbWV7YIIHU.m3u8
迹美1,http://newv1.benbi123.com/4k5nU61u4x.m3u8
迹美2,http://newv1.benbi123.com/6Phimp6DgA.m3u8
迹美3,http://newv1.benbi123.com/MRKs7yoAse.m3u8
迹美4,http://newv1.benbi123.com/ZazN43z3Rt.m3u8
迹美5,http://newv1.benbi123.com/9lgy8WNzUX.m3u8
迹美6,http://newv1.benbi123.com/w7DnC59g2c.m3u8
迹美7,http://newv1.benbi123.com/QApkED7AHD.m3u8
迹美8,http://newv1.benbi123.com/mbarEzEauH.m3u8
迹美9,http://newv1.benbi123.com/7NSyNuePLI.m3u8
迹美10,http://newv1.benbi123.com/RQIwnBRPmN.m3u8
迹美11,http://newv1.benbi123.com/eX38mL0OEU.m3u8
迹美12,http://newv1.benbi123.com/KbZruHsMDm.m3u8
迹美13,http://newv1.benbi123.com/34JwrPhLbc.m3u8
迹美14,http://newv1.benbi123.com/uXffBeeag5.m3u8
迹美15,http://newv1.benbi123.com/EDVs2SbSlf.m3u8
迹美16,http://newv1.benbi123.com/iPmmNThXAi.m3u8
一之濑1,http://v1x6.benbi123.com/20190326/erlAr1WT/index.m3u8
一之濑2,http://v1x6.benbi123.com/20191206/sIXJX7gp/index.m3u8
一之濑3,http://v1x6.benbi123.com/20171205/hVR1ojow/index.m3u8
一之濑4,http://newv1.benbi123.com/T5YINi6Rrq.m3u8
一之濑5,http://newv1.benbi123.com/sF1z7WIpUT.m3u8
一之濑6,http://newv1.benbi123.com/aPqoFhA6xR.m3u8
一之濑7,http://newv1.benbi123.com/7Q84VIGk1n.m3u8
一之濑8,http://newv1.benbi123.com/hpIEjirtan.m3u8
一之濑9,http://newv1.benbi123.com/6opVcPgSSc.m3u8
一之濑10,http://newv1.benbi123.com/12-avid5dd1fb25c591b.m3u8
一之濑11,http://newv1.benbi123.com/12-avid5c078582f156b.m3u8
一之濑12,http://newv1.benbi123.com/12-avid5e137caed8f10.m3u8
一之濑13,http://newv1.benbi123.com/zsMmgrFKj2.m3u8
一之濑14,http://newv1.benbi123.com/i9LIJS3dpd.m3u8
一之濑15,http://newv1.benbi123.com/12-avid5eb0c8aaf2894.m3u8
一之濑16,http://newv1.benbi123.com/L9KOz5DKIq.m3u8
南野1,http://newv1.benbi123.com/Ct8P6NSXRM.m3u8
宫崎1,http://newv1.benbi123.com/3VsA1PjiM7.m3u8
宫崎2,http://newv1.benbi123.com/RGC2ZXcUfL.m3u8
宫崎3,http://newv1.benbi123.com/jZgYN2dUCA.m3u8
宫崎4,http://newv1.benbi123.com/otGXBbQdE5.m3u8
宫崎5,http://newv1.benbi123.com/sDWArYuh5C.m3u8
宫崎6,http://newv1.benbi123.com/JgbI8YwgkQ.m3u8
宫崎7,http://newv1.benbi123.com/xjSid47znv.m3u8
宫崎8,http://v1x6.benbi123.com/20190511/YftzTeYf/index.m3u8
宫崎9,http://newv1.benbi123.com/883eDN4XYH.m3u8
宫崎10,http://newv1.benbi123.com/9lgy8WNzUX.m3u8
宫崎11,http://newv1.benbi123.com/QApkED7AHD.m3u8
宫崎12,http://newv1.benbi123.com/TrriyqxsYd.m3u8
宫崎13,http://newv1.benbi123.com/THgzuJWVpb.m3u8
宫崎14,http://newv1.benbi123.com/8QKswPdGqt.m3u8
宫崎15,http://newv1.benbi123.com/l8F3qn1Mv3.m3u8
宫崎16,http://newv1.benbi123.com/uXffBeeag5.m3u8
园田1,http://v1x6.benbi123.com/20190424/fAAtABtW/index.m3u8
园田2,http://v1x6.benbi123.com/20190412/qvPOo16r/index.m3u8
园田3,http://v1x6.benbi123.com/20190424/KKRA2QEk/index.m3u8
园田4,http://v1x6.benbi123.com/20190412/MWE36hct/index.m3u8
园田5,http://newv1.benbi123.com/tV2F9JE8hS.m3u8
园田6,http://v1x6.benbi123.com/20190424/M0bImOr6/index.m3u8
园田7,http://v1x6.benbi123.com/20190412/sDRheBFN/index.m3u8
园田8,http://v1x6.benbi123.com/20190424/OBKT02n4/index.m3u8
园田9,http://v1x6.benbi123.com/20190424/38tc7qQ1/index.m3u8
园田10,http://newv1.benbi123.com/9x6jJaJ68v.m3u8
园田11,http://v1x6.benbi123.com/20190424/1ZlpYWmw/index.m3u8
园田12,http://v1x6.benbi123.com/20190424/oTocy8k2/index.m3u8
园田13,http://newv1.benbi123.com/s4nokoJdyy.m3u8
园田14,http://v1x6.benbi123.com/20190424/ukRtaBk4/index.m3u8
园田15,http://newv1.benbi123.com/mAwxblarsr.m3u8
园田16,http://v1x6.benbi123.com/20190424/HY5X1Dvo/index.m3u8
白石1,http://newv1.benbi123.com/WjDakqM6XO.m3u8
白石4,http://v1x6.benbi123.com/20190807/VEAJ2sWr/index.m3u8
白石6,http://v1x6.benbi123.com/20190502/513VUXo4/index.m3u8
白石7,http://v1x6.benbi123.com/20190502/BMZtVEAs/index.m3u8
白石8,http://v1x6.benbi123.com/20180729/KmtSlS0v/index.m3u8
白石10,http://newv1.benbi123.com/8jOOXDIQMa.m3u8
白石11,http://v1x6.benbi123.com/20180411/D8NCEyDO/index.m3u8
白石12,http://v1x6.benbi123.com/20180412/zPlgwAQE/index.m3u8
白石13,http://newv1.benbi123.com/Oju7v3KngC.m3u8
白石15,http://v1x6.benbi123.com/20191207/ztH4qDJK/index.m3u8
白石16,http://newv1.benbi123.com/ZazN43z3Rt.m3u8
篠田优3,http://newv1.benbi123.com/12-avid5eafa863af1fa.m3u8
篠田优4,http://newv1.benbi123.com/12-avid5eb4146d62ad0.m3u8
篠田优5,http://newv1.benbi123.com/rtiS60kHsS.m3u8
篠田优6,http://newv1.benbi123.com/12-avid5e80f74090dad.m3u8
篠田优7,http://newv1.benbi123.com/12-avid5ec979c0b951c.m3u8
篠田优8,http://newv1.benbi123.com/COlQ3jidWo.m3u8
篠田优9,http://newv1.benbi123.com/12-avid5ea62effbe768.m3u8
篠田优10,http://newv1.benbi123.com/SxilMEBMMB.m3u8
篠田优11,http://newv1.benbi123.com/12-avid5e9284817f1c6.m3u8
篠田优12,http://newv1.benbi123.com/5VCdCoKjB5.m3u8
篠田优13,http://newv1.benbi123.com/4ArjptW9ul.m3u8
篠田优14,http://newv1.benbi123.com/12-avid5e91fea081a7f.m3u8
麻美1,http://newv1.benbi123.com/naC0u9JJ98.m3u8
麻美2,http://newv1.benbi123.com/zpbVPcSzow.m3u8
麻美3,http://newv1.benbi123.com/7TCgCbb1TW.m3u8
麻美4,http://newv1.benbi123.com/12-avid5d4fa7dd19cc1.m3u8
麻美5,http://newv1.benbi123.com/UPXcmCvlTV.m3u8
麻美6,http://newv1.benbi123.com/9LZWNI039z.m3u8
麻美7,http://newv1.benbi123.com/0n635PRJPu.m3u8
麻美8,http://newv1.benbi123.com/12-avid5d719a7d3fb89.m3u8
麻美9,http://newv1.benbi123.com/NLoZOyLQof.m3u8
麻美10,http://newv1.benbi123.com/Ok5gzkpPOF.m3u8
麻美11,http://newv1.benbi123.com/iNJsvzVrUd.m3u8
麻美12,http://newv1.benbi123.com/8J7B3RXMSF.m3u8
麻美13,http://newv1.benbi123.com/12-avid5cbea2da9d200.m3u8
麻美14,http://newv1.benbi123.com/7qOOucHNOm.m3u8
麻美15,http://newv1.benbi123.com/290zhJNW6t.m3u8
麻美16,http://newv1.benbi123.com/8p9vi9AyS5.m3u8
本庄铃1,http://newv1.benbi123.com/CcpgwyCnaz.m3u8
本庄铃2,http://newv1.benbi123.com/6DVvCIvARq.m3u8
本庄铃3,http://newv1.benbi123.com/12-avid5db01d9d5f5ac.m3u8
本庄铃4,http://newv1.benbi123.com/12-avid5e0bcbed72a95.m3u8
本庄铃5,http://newv1.benbi123.com/12-avid5e238e2559b56.m3u8
本庄铃6,http://newv1.benbi123.com/12-avid5dd4269d5c72d.m3u8
本庄铃7,http://newv1.benbi123.com/12-avid5ea78e6505691.m3u8
本庄铃8,http://newv1.benbi123.com/12-avid5e315eae2347b.m3u8
本庄铃9,http://newv1.benbi123.com/12-avid5cc79e130f3a8.m3u8
本庄铃10,http://newv1.benbi123.com/7Y0vtYNbSd.m3u8
本庄铃11,http://newv1.benbi123.com/AjqiUn4Ebu.m3u8
本庄铃12,http://newv1.benbi123.com/V3gw44qKpv.m3u8
本庄铃13,http://newv1.benbi123.com/12-avid5e9f81ff5fcac.m3u8
本庄铃14,http://newv1.benbi123.com/12-avid5ef2745e83098.m3u8
本庄铃15,http://newv1.benbi123.com/wG50Px1dha.m3u8
本庄铃16,http://newv1.benbi123.com/12-avid5d41c20b50aad.m3u8
山岸1,http://v1x6.benbi123.com/20190105/NKsEeWSc/index.m3u8
山岸3,http://v1x6.benbi123.com/20190108/reauWqB1/index.m3u8
山岸4,http://newv1.benbi123.com/2NubQleu3P.m3u8
山岸5,http://newv1.benbi123.com/wDsaVrl8pj.m3u8
山岸6,http://newv1.benbi123.com/PhrIZCre9o.m3u8
山岸7,http://newv1.benbi123.com/76fk9FZGEx.m3u8
山岸8,http://newv1.benbi123.com/0p9FQZR6B6.m3u8
山岸9,http://newv1.benbi123.com/db4UE3Wh95.m3u8
山岸10,http://newv1.benbi123.com/KlBdKFRkbs.m3u8
山岸11,http://newv1.benbi123.com/cLKqIwYGgl.m3u8
宇都1,http://v1x6.benbi123.com/20190415/W2gYt463/index.m3u8
宇都2,http://v1x6.benbi123.com/20190415/RqF3tZxv/index.m3u8
宇都3,http://v1x6.benbi123.com/20190415/SfH87zT1/index.m3u8
宇都4,http://v1x6.benbi123.com/20190415/XKlQsR8y/index.m3u8
宇都5,http://v1x6.benbi123.com/20190415/XfcbNMXd/index.m3u8
宇都6,http://v1x6.benbi123.com/20190415/PjuWmqUE/index.m3u8
宇都7,http://v1x6.benbi123.com/20190415/vgmW0zbd/index.m3u8
宇都8,http://v1x6.benbi123.com/20190415/wQ1i91Sd/index.m3u8
宇都9,http://v1x6.benbi123.com/20190415/0tYwBgwH/index.m3u8
宇都10,http://v1x6.benbi123.com/20190415/ZgQjSlhF/index.m3u8
宇都11,http://v1x6.benbi123.com/20190415/33RuAbJI/index.m3u8
宇都12,http://v1x6.benbi123.com/20190521/Q6xQ573E/index.m3u8
宇都13,http://v1x6.benbi123.com/20190414/V9Yi7DCU/index.m3u8
宇都14,http://newv1.benbi123.com/12-avid5c337782ac1f3.m3u8
宇都15,http://newv1.benbi123.com/12-avid5cbb490ad463d.m3u8
宇都16,http://newv1.benbi123.com/12-avid5cc8078ac3932.m3u8
井上1,http://newv1.benbi123.com/nd91HeTOMd.m3u8
井上2,http://newv1.benbi123.com/6vs4S9GdA1.m3u8
井上3,http://newv1.benbi123.com/p9FvrHLRr9.m3u8
井上4,http://newv1.benbi123.com/E03VngBF3z.m3u8
井上5,http://newv1.benbi123.com/BKdIo09mo2.m3u8
井上6,http://newv1.benbi123.com/LztfRgujad.m3u8
井上7,http://newv1.benbi123.com/v7rruQhgzL.m3u8
井上8,http://newv1.benbi123.com/x2uSXsKTb3.m3u8
井上9,http://newv1.benbi123.com/LdPo7I3Mri.m3u8
井上10,http://newv1.benbi123.com/MCfmjN0i80.m3u8
井上11,http://newv1.benbi123.com/KkpskGsXNN.m3u8
井上12,http://newv1.benbi123.com/Bf43pWVgtK.m3u8
井上13,http://newv1.benbi123.com/5QvP2EY9uQ.m3u8
井上14,http://newv1.benbi123.com/bH9FNNdxWd.m3u8
井上15,http://newv1.benbi123.com/i5OBTgWUni.m3u8
井上16,http://newv1.benbi123.com/bpEjFz4qJG.m3u8
大桥1,http://v1x6.benbi123.com/20190408/z1gZdpoM/index.m3u8
大桥2,http://v1x6.benbi123.com/20190717/9CKIaLHI/index.m3u8
大桥4,http://v1x6.benbi123.com/20190412/rxjmUk5y/index.m3u8
大桥5,http://v1x6.benbi123.com/20200322/Q4cz886W/index.m3u8
大桥6,http://newv1.benbi123.com/2QJxGc1rCL.m3u8
大桥8,http://v1x6.benbi123.com/20191204/AxGcJDQL/index.m3u8
大桥10,http://v1x6.benbi123.com/20190720/ggXX9oYP/index.m3u8
大桥11,http://newv1.benbi123.com/AYpNq2hxc8.m3u8
大桥12,http://newv1.benbi123.com/hQhmQ1YlaA.m3u8
大桥13,http://newv1.benbi123.com/5rgM7r2Dnp.m3u8
大桥14,http://newv1.benbi123.com/jOZ3QW3hE4.m3u8
大桥15,http://newv1.benbi123.com/GieHpcq7q3.m3u8
大桥16,http://newv1.benbi123.com/9Yk7fiQxAB.m3u8
西卡1,http://newv1.benbi123.com/CSUcCZcEPw.m3u8
西卡2,http://v8.91huiduo.com/20200507/vBVVSZCn/index.m3u8
西卡3,http://v1x6.benbi123.com/20190421/G5XMq5TS/index.m3u8
西卡4,http://newv1.benbi123.com/OFmAakUF7D.m3u8
西卡5,http://newv1.benbi123.com/6BZ7jC7KCh.m3u8
西卡6,http://v1x6.benbi123.com/20190421/S7Bj2lUP/index.m3u8
西卡7,http://v1x6.benbi123.com/20190421/gmY72CuT/index.m3u8
西卡8,http://newv1.benbi123.com/ieALoFDSkm.m3u8
西卡9,http://v1x6.benbi123.com/20190421/w8Siqw9H/index.m3u8
西卡10,http://v1x6.benbi123.com/20190421/HFBokYsl/index.m3u8
西卡11,http://newv1.benbi123.com/oKf5e7Vzch.m3u8
西卡12,http://v1x6.benbi123.com/20190421/uDnSbD9X/index.m3u8
西卡13,http://newv1.benbi123.com/Q1APksuPr0.m3u8
西卡14,http://newv1.benbi123.com/NbaVXeRuev.m3u8
西卡15,http://newv1.benbi123.com/TmEPjcSbd1.m3u8
西卡16,http://v1x6.benbi123.com/20190421/S7Bj2lUP/index.m3u8
神纳花1,http://newv1.benbi123.com/AcpRLcxRDP.m3u8
神纳花3,http://newv1.benbi123.com/V8Ypa7nooB.m3u8
神纳花4,http://newv1.benbi123.com/BQlpCTzZp0.m3u8
神纳花5,http://newv1.benbi123.com/FumRRiq3h3.m3u8
神纳花6,http://newv1.benbi123.com/SxMUuuJ8a7.m3u8
神纳花7,http://newv1.benbi123.com/EPf5r36kn6.m3u8
神纳花8,http://newv1.benbi123.com/IUR9RMgF8i.m3u8
神纳花9,http://newv1.benbi123.com/jv38oMoGam.m3u8
神纳花10,http://newv1.benbi123.com/GSqAqhqnMz.m3u8
神纳花11,http://newv1.benbi123.com/TXgpVxVohI.m3u8
神纳花12,http://newv1.benbi123.com/OKBT4gnciT.m3u8
神纳花13,http://newv1.benbi123.com/7Q84VIGk1n.m3u8
神纳花14,http://newv1.benbi123.com/74z2HbfOHJ.m3u8
神纳花15,http://newv1.benbi123.com/Y0IM3FsdFA.m3u8
松下纱荣子1,http://v1x6.benbi123.com/20190521/EFhEg08P/index.m3u8
松下纱荣子2,http://v1x6.benbi123.com/20190413/A9ECWnXU/index.m3u8
松下纱荣子3,http://v1x6.benbi123.com/20190413/6I6QI0fR/index.m3u8
松下纱荣子4,http://newv1.benbi123.com/dJhxXOjIcK.m3u8
松下纱荣子6,http://newv1.benbi123.com/O0nbATRkwQ.m3u8
松下纱荣子7,http://newv1.benbi123.com/YIrt9vgeff.m3u8
松下纱荣子8,http://newv1.benbi123.com/m5rgH68bLG.m3u8
松下纱荣子9,http://newv1.benbi123.com/5t6Bx1q8hz.m3u8
松下纱荣子10,http://newv1.benbi123.com/PGfCrldPhs.m3u8
松下纱荣子11,http://newv1.benbi123.com/jvdSborDPV.m3u8
松下纱荣子12,http://newv1.benbi123.com/12-avid5eb8aa9e239f0.m3u8
松下纱荣子13,http://newv1.benbi123.com/cSSjVV1IvZ.m3u8
松下纱荣子14,http://newv1.benbi123.com/njljRVyEaW.m3u8
松下纱荣子15,http://newv1.benbi123.com/ZyUjk6mrBQ.m3u8
松下纱荣子16,http://newv1.benbi123.com/KVD719oLar.m3u8
堀口奈津美1,http://newv1.benbi123.com/phrJv9ISy5.m3u8
堀口奈津美2,http://newv1.benbi123.com/dsZ8U80mrg.m3u8
堀口奈津美3,http://newv1.benbi123.com/XMlNpIdbEn.m3u8
堀口奈津美4,http://newv1.benbi123.com/s9WmhRGdHI.m3u8
堀口奈津美5,http://newv1.benbi123.com/SKR9Cx6ihq.m3u8
堀口奈津美6,http://newv1.benbi123.com/2125d2zaR8.m3u8
堀口奈津美7,http://newv1.benbi123.com/12-avid5e6f00dcadfcf.m3u8
堀口奈津美8,http://newv1.benbi123.com/6FxIniKZ76.m3u8
堀口奈津美9,http://newv1.benbi123.com/eHfxXOupkR.m3u8
堀口奈津美10,http://newv1.benbi123.com/t3Ge4EYAtq.m3u8
堀口奈津美11,http://newv1.benbi123.com/e6XuoJ9W8T.m3u8
堀口奈津美12,http://newv1.benbi123.com/Obs0xiTeEl.m3u8
堀口奈津美13,http://newv1.benbi123.com/U5Sf85xepK.m3u8
石原莉奈1,http://v1x6.benbi123.com/20190501/CjS0FSLz/index.m3u8
石原莉奈2,http://v1x6.benbi123.com/20190502/h9tEGGsL/index.m3u8
石原莉奈3,http://v1x6.benbi123.com/20190502/AsTzWWcE/index.m3u8
石原莉奈4,http://v1x6.benbi123.com/20190501/2RhpEA3Y/index.m3u8
石原莉奈5,http://v1x6.benbi123.com/20190501/Wf5tdKYH/index.m3u8
石原莉奈6,http://v1x6.benbi123.com/20190502/IeMrxy8g/index.m3u8
石原莉奈7,http://v1x6.benbi123.com/20190502/6SD7moNA/index.m3u8
石原莉奈8,http://v1x6.benbi123.com/20190501/loBhorJK/index.m3u8
石原莉奈9,http://v1x6.benbi123.com/20190502/PPvuPwHf/index.m3u8
石原莉奈10,http://v1x6.benbi123.com/20190501/wHBMXtea/index.m3u8
石原莉奈11,http://v1x6.benbi123.com/20190501/572oFtHs/index.m3u8
石原莉奈12,http://newv1.benbi123.com/RfwOCGNya0.m3u8
石原莉奈13,http://newv1.benbi123.com/VqYRE7mk8f.m3u8
石原莉奈14,http://newv1.benbi123.com/27ZATfFXWe.m3u8
冲田杏梨1,http://v1x6.benbi123.com/20190504/9attKFUf/index.m3u8
冲田杏梨2,http://v1x6.benbi123.com/20190504/fANLcz5M/index.m3u8
冲田杏梨3,http://newv1.benbi123.com/Osr4zbDVmI.m3u8
冲田杏梨4,http://v1x6.benbi123.com/20190504/dZLhB9kw/index.m3u8
冲田杏梨5,http://newv1.benbi123.com/fJClUx6a38.m3u8
冲田杏梨6,http://newv1.benbi123.com/12-avid5d8ebea57a4bc.m3u8
冲田杏梨7,http://newv1.benbi123.com/12-avid5d4ce8bdb43d0.m3u8
冲田杏梨8,http://newv1.benbi123.com/l98Z5b7KnM.m3u8
冲田杏梨9,http://newv1.benbi123.com/12-avid5d953a05ccbe6.m3u8
冲田杏梨10,http://newv1.benbi123.com/6yREbml3TH.m3u8
冲田杏梨11,http://newv1.benbi123.com/12-avid5d3550e321cc1.m3u8
冲田杏梨12,http://newv1.benbi123.com/12-avid5d99ad1594aa3.m3u8
冲田杏梨13,http://newv1.benbi123.com/12-avid5cf7c3da88bd2.m3u8
冲田杏梨14,http://newv1.benbi123.com/12-avid5d97b2d611012.m3u8
冲田杏梨15,http://newv1.benbi123.com/12-avid5d98a8ed30400.m3u8
冲田杏梨16,http://newv1.benbi123.com/12-avid5d32e6230925e.m3u8
希岛1,http://v1x6.benbi123.com/20200227/NjqocimB/index.m3u8
希岛2,http://v1x6.benbi123.com/20200227/7pTG4ctq/index.m3u8
希岛3,http://v1x6.benbi123.com/20200227/RFaLnUuX/index.m3u8
希岛4,http://newv1.benbi123.com/vUpxrZokS3.m3u8
希岛5,http://v1x6.benbi123.com/20200227/COpYRYt9/index.m3u8
希岛6,http://v1x6.benbi123.com/20200227/7Hr7fgtQ/index.m3u8
希岛7,http://newv1.benbi123.com/uaNdSXb2mV.m3u8
希岛8,http://newv1.benbi123.com/X6WtmLFDmo.m3u8
希岛9,http://newv1.benbi123.com/YKBYK2TRCZ.m3u8
希岛10,http://newv1.benbi123.com/12-avid5ee30bdc7161e.m3u8
西野翔1,http://newv1.benbi123.com/XlJgfovvLP.m3u8
西野翔2,http://v1x6.benbi123.com/20190107/JEblfh4h/index.m3u8
西野翔3,http://newv1.benbi123.com/WPAKydDrRl.m3u8
西野翔4,http://v1x6.benbi123.com/20190107/sQpilPdt/index.m3u8
西野翔5,http://newv1.benbi123.com/wE99HNsPwA.m3u8
西野翔6,http://newv1.benbi123.com/u7Kb8OM5V1.m3u8
西野翔7,http://newv1.benbi123.com/BVles4oLOC.m3u8
西野翔8,http://newv1.benbi123.com/lbmvuw3wpo.m3u8
西野翔9,http://newv1.benbi123.com/cCQWc9QJdO.m3u8
西野翔10,http://newv1.benbi123.com/pFKO5gXsjt.m3u8
西野翔11,http://newv1.benbi123.com/HRnf82sL8f.m3u8
西野翔12,http://newv1.benbi123.com/0UIRL34eWI.m3u8
西野翔13,http://newv1.benbi123.com/bot6T1H1Vt.m3u8
佐山爱1,http://v1x6.benbi123.com/20190507/A5q1A9LW/index.m3u8
佐山爱2,http://v1x6.benbi123.com/20190507/AGULAhIH/index.m3u8
佐山爱3,http://v1x6.benbi123.com/20190507/jpGNtRQF/index.m3u8
佐山爱4,http://v1x6.benbi123.com/20190506/3ZZtE9wT/index.m3u8
佐山爱5,http://newv1.benbi123.com/5ydGfFhfZ3.m3u8
佐山爱6,http://v1x6.benbi123.com/20190507/tCNqb1pt/index.m3u8
佐山爱7,http://v1x6.benbi123.com/20190507/RftOYTWV/index.m3u8
佐山爱8,http://v1x6.benbi123.com/20190507/Dk1th3fF/index.m3u8
佐山爱9,http://v1x6.benbi123.com/20190507/xO7zqHiU/index.m3u8
佐山爱10,http://v1x6.benbi123.com/20190506/cAbU1Z8J/index.m3u8
佐山爱11,http://v1x6.benbi123.com/20190506/phxJIhHG/index.m3u8
佐山爱12,http://v1x6.benbi123.com/20190506/XtpIzbaF/index.m3u8
佐山爱13,http://v1x6.benbi123.com/20190507/eoZ06VUb/index.m3u8
佐山爱14,http://v1x6.benbi123.com/20190507/9nexb1O8/index.m3u8
佐山爱15,http://v1x6.benbi123.com/20190507/8tZePtyJ/index.m3u8
佐山爱16,http://newv1.benbi123.com/Rk387zALEl.m3u8
市川雅美1,http://newv1.benbi123.com/BXk0bqZRBF.m3u8
市川雅美2,http://newv1.benbi123.com/vLhwgPM9Rv.m3u8
市川雅美3,http://newv1.benbi123.com/zIeravmW06.m3u8
市川雅美4,http://newv1.benbi123.com/IOvKJal1Kg.m3u8
市川雅美5,http://newv1.benbi123.com/aS4n171x6q.m3u8
市川雅美6,http://newv1.benbi123.com/nlaz8IukE3.m3u8
市川雅美7,http://newv1.benbi123.com/kM1LGDe1dQ.m3u8
古川1,http://v1x6.benbi123.com/20190112/ZkZX58bG/index.m3u8
古川2,http://v1x6.benbi123.com/20180628/h5HfZe13/index.m3u8
古川3,http://v1x6.benbi123.com/20180628/ZO6XpXAy/index.m3u8
古川4,http://newv1.benbi123.com/wvEgVxO4qz.m3u8
古川5,http://v1x6.benbi123.com/20180628/c1S2iAWA/index.m3u8
古川6,http://newv1.benbi123.com/rLsefsb2CQ.m3u8
古川7,http://newv1.benbi123.com/5bdIdAdYP7.m3u8
古川8,http://v1x6.benbi123.com/20180628/M0BkF9DJ/index.m3u8
古川9,http://newv1.benbi123.com/vkRnatJdhD.m3u8
古川10,http://newv1.benbi123.com/5No1EUuJ3E.m3u8
古川11,http://newv1.benbi123.com/12-avid5eb38ece5361f.m3u8
古川12,http://newv1.benbi123.com/arAZjSLpBC.m3u8
古川13,http://newv1.benbi123.com/BZnIoWoNSa.m3u8
古川14,http://newv1.benbi123.com/7rjxDDY1Ci.m3u8
古川15,http://newv1.benbi123.com/Xs8tatSCzP.m3u8
古川16,http://newv1.benbi123.com/dabQnU6zy1.m3u8
枢木葵2,http://newv1.benbi123.com/1tKK2NNCUK.m3u8
枢木葵3,http://newv1.benbi123.com/7pixSlwV8y.m3u8
枢木葵4,http://newv1.benbi123.com/12-avid5ee60a3d959e8.m3u8
枢木葵5,http://newv1.benbi123.com/eIWN8tawkS.m3u8
枢木葵6,http://v1x6.benbi123.com/20200311/AZCBKg4I/index.m3u8
枢木葵7,http://newv1.benbi123.com/Svp3CeZ4N5.m3u8
枢木葵8,http://newv1.benbi123.com/12-avid5ed40ccc3ebed.m3u8
枢木葵9,http://newv1.benbi123.com/dXjtYj4BdU.m3u8
枢木葵10,http://newv1.benbi123.com/zWIbPNYhEV.m3u8
枢木葵11,http://newv1.benbi123.com/c3KvkVy43H.m3u8
希志1,http://v1x6.benbi123.com/20190527/KKUWrvAR/index.m3u8
希志2,http://newv1.benbi123.com/qIdUK3DPUa.m3u8
希志3,http://v1x6.benbi123.com/20200217/lWoLK1fo/index.m3u8
希志4,http://v1x6.benbi123.com/20190309/ANYJmUog/index.m3u8
希志5,http://v1x6.benbi123.com/20190114/4jiEbHxX/index.m3u8
希志6,http://v1x6.benbi123.com/20190115/LBkYb5Z5/index.m3u8
希志7,http://v1x6.benbi123.com/20200217/IEHyYX0u/index.m3u8
希志8,http://v1x6.benbi123.com/20200217/gK17sKJb/index.m3u8
希志9,http://v1x6.benbi123.com/20200217/5avRfo3s/index.m3u8
希志10,http://newv1.benbi123.com/l2FrqMc4c0.m3u8
星奈爱1,http://newv1.benbi123.com/3EK1MFMBm8.m3u8
星奈爱2,http://newv1.benbi123.com/ynjqZUmqon.m3u8
星奈爱3,http://newv1.benbi123.com/QpOLlIsaAl.m3u8
星奈爱4,http://newv1.benbi123.com/7mIxaQvYv3.m3u8
星奈爱5,http://newv1.benbi123.com/yoAVrwtzxs.m3u8
星奈爱6,http://newv1.benbi123.com/x6fARh1Wmv.m3u8
星奈爱7,http://newv1.benbi123.com/x779ehT2in.m3u8
星奈爱8,http://newv1.benbi123.com/1ZqcyP53v8.m3u8
星奈爱9,http://newv1.benbi123.com/1DGCk2YUKz.m3u8
星奈爱10,http://newv1.benbi123.com/VKpy4s1Qa1.m3u8
星奈爱11,http://newv1.benbi123.com/19thJsNRLA.m3u8
星奈爱12,http://newv1.benbi123.com/Snk9M1sfMc.m3u8
星奈爱13,http://newv1.benbi123.com/Rk3ub2U9w8.m3u8
星奈爱14,http://newv1.benbi123.com/cNoi0vOAQC.m3u8
星奈爱15,http://newv1.benbi123.com/FzzVuo3nHK.m3u8
星奈爱16,http://newv1.benbi123.com/txReEgHryc.m3u8
绀野1,http://newv1.benbi123.com/1OiwPnG5RD.m3u8
绀野2,http://newv1.benbi123.com/bGNdcscRBi.m3u8
绀野3,http://newv1.benbi123.com/PShTU6E8RF.m3u8
绀野4,http://newv1.benbi123.com/Dw2keV5I0a.m3u8
绀野5,http://newv1.benbi123.com/ZazN43z3Rt.m3u8
绀野6,http://newv1.benbi123.com/Tp9JMO2gPv.m3u8
绀野8,http://newv1.benbi123.com/EYKNlCc4Wq.m3u8
绀野9,http://newv1.benbi123.com/drkSFbi0RM.m3u8
绀野10,http://newv1.benbi123.com/mLOqxcW7AT.m3u8
绀野11,http://newv1.benbi123.com/vUdEKr6dJ6.m3u8
绀野12,http://newv1.benbi123.com/DNldgpu3fz.m3u8
绀野13,http://newv1.benbi123.com/s0FS5fmnUf.m3u8
绀野14,http://v1x6.benbi123.com/20180104/QqVI2yap/index.m3u8
绀野15,http://newv1.benbi123.com/4XqQK3lz7e.m3u8
绀野16,http://newv1.benbi123.com/zVaOenc3bm.m3u8
明里1,http://v1x6.benbi123.com/20191011/XOwvX1L0/index.m3u8
明里2,http://v1x6.benbi123.com/20190412/YRAKiti3/index.m3u8
明里3,http://v1x6.benbi123.com/20190412/v6SWMVrw/index.m3u8
明里4,http://v1x6.benbi123.com/20190412/1lClqzI6/index.m3u8
明里5,http://v1x6.benbi123.com/20190412/ZssXKs5t/index.m3u8
明里6,http://v1x6.benbi123.com/20191011/Ni3G4Nkz/index.m3u8
明里7,http://v1x6.benbi123.com/20190527/w4BFGf0p/index.m3u8
明里8,http://v1x6.benbi123.com/20190627/kXZzBZik/index.m3u8
明里9,http://v1x6.benbi123.com/20190412/ujKqA3j6/index.m3u8
明里11,http://newv1.benbi123.com/WTKluAphGy.m3u8
明里12,http://newv1.benbi123.com/S6SKxPULSi.m3u8
明里13,http://newv1.benbi123.com/Lbwcy6jOL0.m3u8
明里14,http://newv1.benbi123.com/5Q4Pj5GwHC.m3u8
明里15,http://newv1.benbi123.com/DFhu136kSq.m3u8
明里16,http://newv1.benbi123.com/CrExX5O4Eu.m3u8
吉泽明步1,http://v1x6.benbi123.com/20190405/lfp9piG8/index.m3u8
吉泽明步2,http://v1x6.benbi123.com/20190405/Bctlztrx/index.m3u8
吉泽明步3,http://v1x6.benbi123.com/20190405/WIwzdCg9/index.m3u8
吉泽明步4,http://v1x6.benbi123.com/20190228/ttVlc9br/index.m3u8
吉泽明步5,http://newv1.benbi123.com/t9ADBgQIIu.m3u8
吉泽明步6,http://newv1.benbi123.com/Fzb5YWUIO5.m3u8
吉泽明步7,http://v1x6.benbi123.com/20190405/YMfKUmqR/index.m3u8
吉泽明步8,http://v1x6.benbi123.com/20190405/7YANBNRW/index.m3u8
吉泽明步9,http://v1x6.benbi123.com/20190405/Yn2N1U0F/index.m3u8
吉泽明步10,http://v1x6.benbi123.com/20190405/weiOeamw/index.m3u8
吉泽明步11,http://v1x6.benbi123.com/20190405/hk8ZSqdC/index.m3u8
吉泽明步12,http://v1x6.benbi123.com/20190405/NJSayuRE/index.m3u8
吉泽明步13,http://newv1.benbi123.com/LV53WUskgJ.m3u8
吉泽明步14,http://newv1.benbi123.com/8ErbKbUdOh.m3u8
吉泽明步15,http://newv1.benbi123.com/PMwdxjRDHK.m3u8
吉泽明步16,http://v1x6.benbi123.com/20190623/eiKkO9bg/index.m3u8
桃乃木1,http://newv1.benbi123.com/7CtKw7eqO7.m3u8
桃乃木2,http://v1x6.benbi123.com/20190521/g7yqWaJl/index.m3u8
桃乃木3,http://v1x6.benbi123.com/20190113/AKmZaCcg/index.m3u8
桃乃木4,http://v1x6.benbi123.com/20191025/y9aRfu2z/index.m3u8
桃乃木5,http://v1x6.benbi123.com/20190521/7W8cNXY0/index.m3u8
桃乃木6,http://v1x6.benbi123.com/20191025/zH9VwDkU/index.m3u8
桃乃木7,http://v1x6.benbi123.com/20190116/N3hyVitP/index.m3u8
桃乃木8,http://v1x6.benbi123.com/20191025/guEEZOj5/index.m3u8
桃乃木9,http://v1x6.benbi123.com/20190110/9UprJoXj/index.m3u8
桃乃木10,http://v1x6.benbi123.com/20190122/BPhEFGL3/index.m3u8
桃乃木11,http://v1x6.benbi123.com/20191025/QIyhdXQc/index.m3u8
桃乃木13,http://newv1.benbi123.com/m8KmQBwePO.m3u8
桃乃木14,http://newv1.benbi123.com/d5iq6VYxe3.m3u8
桃乃木15,http://newv1.benbi123.com/xzgNO4Mfnz.m3u8
桃乃木16,http://newv1.benbi123.com/12-avid5e947092b1541.m3u8
君岛美1,http://v1x6.benbi123.com/20190522/1KcPmqNd/index.m3u8
君岛美2,http://v1x6.benbi123.com/20190522/lyO5R5FE/index.m3u8
君岛美3,http://v1x6.benbi123.com/20190522/JCSgSpRv/index.m3u8
君岛美4,http://newv1.benbi123.com/265tqP8pBF.m3u8
君岛美5,http://v1x6.benbi123.com/20190522/D0vM4fh3/index.m3u8
君岛美6,http://v1x6.benbi123.com/20190522/awWNEzF3/index.m3u8
君岛美7,http://v1x6.benbi123.com/20190522/L9MtOeaI/index.m3u8
君岛美8,http://v1x6.benbi123.com/20190522/vNGtrdYP/index.m3u8
君岛美9,http://v1x6.benbi123.com/20190522/QkhjEn5t/index.m3u8
君岛美10,http://newv1.benbi123.com/O5DuIfwG2T.m3u8
君岛美11,http://newv1.benbi123.com/12-avid5eb1e8ee2f3e1.m3u8
君岛美12,http://newv1.benbi123.com/12-avid5e9848e1b7a23.m3u8
君岛美13,http://newv1.benbi123.com/ws067NblLC.m3u8
君岛美14,http://newv1.benbi123.com/57oH16CBbd.m3u8
君岛美15,http://newv1.benbi123.com/GGJFtLzSbT.m3u8
君岛美16,http://newv1.benbi123.com/oy3Btp1h5p.m3u8
羽田真1,http://v1x6.benbi123.com/20180207/g5rWGvU4/index.m3u8
羽田真2,http://newv1.benbi123.com/PxGUErfN9i.m3u8
羽田真3,http://v1x6.benbi123.com/20190808/PAfNw6XX/index.m3u8
羽田真4,http://newv1.benbi123.com/htRUIRvXpY.m3u8
羽田真5,http://newv1.benbi123.com/kWZDaQ9LJK.m3u8
羽田真6,http://newv1.benbi123.com/4mdrnQHRJm.m3u8
羽田真7,http://newv1.benbi123.com/fueC31FG6q.m3u8
羽田真8,http://newv1.benbi123.com/12-avid5ed4c39b74164.m3u8
羽田爱1,http://newv1.benbi123.com/16gz0oJ4fg.m3u8
羽田爱2,http://newv1.benbi123.com/AQElUlJqDE.m3u8
羽田爱3,http://newv1.benbi123.com/k8F1QFSV5T.m3u8
